Using pre-set license
Built from '2020.3/staging' branch; Version is '2020.3.25f1 (9b9180224418) revision 10195328'; Using compiler version '192528614'; Build Type 'Release'
OS: 'Windows 10  (10.0.19042) 64bit CoreSingleLanguage' Language: 'en' Physical Memory: 8029 MB
BatchMode: 1, IsHumanControllingUs: 0, StartBugReporterOnCrash: 0, Is64bit: 1, IsPro: 0

COMMAND LINE ARGUMENTS:
D:\2020.3.25f1\Editor\Unity.exe
-adb2
-batchMode
-noUpm
-name
AssetImportWorker7
-projectPath
G:/Unity/Spaghetti Recipe Project/Spaghetti-Recipe/Spaghetti-Recipe-Tutorial
-logFile
Logs/AssetImportWorker7.log
-srvPort
59480
Successfully changed project path to: G:/Unity/Spaghetti Recipe Project/Spaghetti-Recipe/Spaghetti-Recipe-Tutorial
G:/Unity/Spaghetti Recipe Project/Spaghetti-Recipe/Spaghetti-Recipe-Tutorial
Using Asset Import Pipeline V2.
Refreshing native plugins compatible for Editor in 5386.70 ms, found 10 plugins.
Preloading 0 native plugins for Editor in 0.00 ms.
Initialize engine version: 2020.3.25f1 (9b9180224418)
[Subsystems] Discovering subsystems at path D:/2020.3.25f1/Editor/Data/Resources/UnitySubsystems
[Subsystems] Discovering subsystems at path G:/Unity/Spaghetti Recipe Project/Spaghetti-Recipe/Spaghetti-Recipe-Tutorial/Assets
GfxDevice: creating device client; threaded=0
Direct3D:
    Version:  Direct3D 11.0 [level 11.1]
    Renderer: NVIDIA GeForce GTX 1650 (ID=0x1f91)
    Vendor:   
    VRAM:     3962 MB
    Driver:   27.21.14.5167
