Using pre-set license
Built from '2020.3/staging' branch; Version is '2020.3.25f1 (9b9180224418) revision 10195328'; Using compiler version '192528614'; Build Type 'Release'
OS: 'Windows 10  (10.0.19042) 64bit CoreSingleLanguage' Language: 'en' Physical Memory: 8029 MB
BatchMode: 1, IsHumanControllingUs: 0, StartBugReporterOnCrash: 0, Is64bit: 1, IsPro: 0

COMMAND LINE ARGUMENTS:
D:\2020.3.25f1\Editor\Unity.exe
-adb2
-batchMode
-noUpm
-name
AssetImportWorker7
-projectPath
G:/Unity/Spaghetti Recipe Project/Spaghetti-Recipe/Spaghetti-Recipe-Tutorial
-logFile
Logs/AssetImportWorker7.log
-srvPort
59059
Successfully changed project path to: G:/Unity/Spaghetti Recipe Project/Spaghetti-Recipe/Spaghetti-Recipe-Tutorial
G:/Unity/Spaghetti Recipe Project/Spaghetti-Recipe/Spaghetti-Recipe-Tutorial
Using Asset Import Pipeline V2.
Refreshing native plugins compatible for Editor in 81.00 ms, found 10 plugins.
Preloading 0 native plugins for Editor in 0.00 ms.
Initialize engine version: 2020.3.25f1 (9b9180224418)
[Subsystems] Discovering subsystems at path D:/2020.3.25f1/Editor/Data/Resources/UnitySubsystems
[Subsystems] Discovering subsystems at path G:/Unity/Spaghetti Recipe Project/Spaghetti-Recipe/Spaghetti-Recipe-Tutorial/Assets
GfxDevice: creating device client; threaded=0
Direct3D:
    Version:  Direct3D 11.0 [level 11.1]
    Renderer: NVIDIA GeForce GTX 1650 (ID=0x1f91)
    Vendor:   
    VRAM:     3962 MB
    Driver:   27.21.14.5167
Initialize mono
Mono path[0] = 'D:/2020.3.25f1/Editor/Data/Managed'
Mono path[1] = 'D:/2020.3.25f1/Editor/Data/MonoBleedingEdge/lib/mono/unityjit'
Mono config path = 'D:/2020.3.25f1/Editor/Data/MonoBleedingEdge/etc'
Using monoOptions --debugger-agent=transport=dt_socket,embedding=1,server=y,suspend=n,address=127.0.0.1:56508
Begin MonoManager ReloadAssembly
Registering precompiled unity dll's ...
Register platform support module: D:/2020.3.25f1/Editor/Data/PlaybackEngines/WebGLSupport/UnityEditor.WebGL.Extensions.dll
Register platform support module: D:/2020.3.25f1/Editor/Data/PlaybackEngines/WindowsStandaloneSupport/UnityEditor.WindowsStandalone.Extensions.dll
Registered in 0.001134 seconds.
Native extension for WindowsStandalone target not found
Native extension for WebGL target not found
Refreshing native plugins compatible for Editor in 81.45 ms, found 10 plugins.
Preloading 0 native plugins for Editor in 0.00 ms.
Mono: successfully reloaded assembly
- Completed reload, in  0.624 seconds
Domain Reload Profiling:
	ReloadAssembly (625ms)
		BeginReloadAssembly (49ms)
			ExecutionOrderSort (0ms)
			DisableScriptedObjects (0ms)
			BackupInstance (0ms)
			ReleaseScriptingObjects (0ms)
			CreateAndSetChildDomain (1ms)
		EndReloadAssembly (512ms)
			LoadAssemblies (48ms)
			RebuildTransferFunctionScriptingTraits (0ms)
			SetupTypeCache (162ms)
			ReleaseScriptCaches (0ms)
			RebuildScriptCaches (37ms)
			SetupLoadedEditorAssemblies (205ms)
				LogAssemblyErrors (0ms)
				InitializePlatformSupportModulesInManaged (4ms)
				SetLoadedEditorAssemblies (0ms)
				RefreshPlugins (82ms)
				BeforeProcessingInitializeOnLoad (15ms)
				ProcessInitializeOnLoadAttributes (76ms)
				ProcessInitializeOnLoadMethodAttributes (27ms)
				AfterProcessingInitializeOnLoad (0ms)
				EditorAssembliesLoaded (0ms)
			ExecutionOrderSort2 (0ms)
			AwakeInstancesAfterBackupRestoration (0ms)
Platform modules already initialized, skipping
Registering precompiled user dll's ...
Registered in 0.007067 seconds.
Begin MonoManager ReloadAssembly
Native extension for WindowsStandalone target not found
Native extension for WebGL target not found
Refreshing native plugins compatible for Editor in 67.86 ms, found 10 plugins.
Preloading 0 native plugins for Editor in 0.00 ms.
System.IO.DirectoryNotFoundException: Could not find a part of the path 'G:\Unity\Spaghetti Recipe Project\Spaghetti-Recipe\Spaghetti-Recipe-Tutorial\Library\PackageCache\com.microsoft.mixedreality.toolkit.foundation@61d9ea0c72ed-1640241929247\SDK\StandardAssets\Profiles\BoundsControl\HoloLens2Style_Volumetric'.
  at System.IO.__Error.WinIOError (System.Int32 errorCode, System.String maybeFullPath) [0x000f7] in <695d1cc93cca45069c528c15c9fdd749>:0 
  at System.IO.FileSystemEnumerableIterator`1[TSource].HandleError (System.Int32 hr, System.String path) [0x00006] in <695d1cc93cca45069c528c15c9fdd749>:0 
  at System.IO.FileSystemEnumerableIterator`1[TSource].CommonInit () [0x00054] in <695d1cc93cca45069c528c15c9fdd749>:0 
  at System.IO.FileSystemEnumerableIterator`1[TSource]..ctor (System.String path, System.String originalUserPath, System.String searchPattern, System.IO.SearchOption searchOption, System.IO.SearchResultHandler`1[TSource] resultHandler, System.Boolean checkHost) [0x000d6] in <695d1cc93cca45069c528c15c9fdd749>:0 
  at System.IO.FileSystemEnumerableFactory.CreateFileNameIterator (System.String path, System.String originalUserPath, System.String searchPattern, System.Boolean includeFiles, System.Boolean includeDirs, System.IO.SearchOption searchOption, System.Boolean checkHost) [0x00009] in <695d1cc93cca45069c528c15c9fdd749>:0 
  at System.IO.Directory.InternalGetFileDirectoryNames (System.String path, System.String userPathOriginal, System.String searchPattern, System.Boolean includeFiles, System.Boolean includeDirs, System.IO.SearchOption searchOption, System.Boolean checkHost) [0x00000] in <695d1cc93cca45069c528c15c9fdd749>:0 
  at System.IO.Directory.InternalGetFiles (System.String path, System.String searchPattern, System.IO.SearchOption searchOption) [0x00000] in <695d1cc93cca45069c528c15c9fdd749>:0 
  at System.IO.Directory.GetFiles (System.String path, System.String searchPattern) [0x0001c] in <695d1cc93cca45069c528c15c9fdd749>:0 
  at System.IO.DirectoryInfo.GetFiles (System.String searchPattern) [0x0000e] in <695d1cc93cca45069c528c15c9fdd749>:0 
  at System.IO.DirectoryInfo.GetFilesSubdirs (System.Collections.ArrayList l, System.String pattern) [0x00002] in <695d1cc93cca45069c528c15c9fdd749>:0 
  at (wrapper remoting-invoke-with-check) System.IO.DirectoryInfo.GetFilesSubdirs(System.Collections.ArrayList,string)
  at System.IO.DirectoryInfo.GetFilesSubdirs (System.Collections.ArrayList l, System.String pattern) [0x0002f] in <695d1cc93cca45069c528c15c9fdd749>:0 
  at (wrapper remoting-invoke-with-check) System.IO.DirectoryInfo.GetFilesSubdirs(System.Collections.ArrayList,string)
  at System.IO.DirectoryInfo.GetFilesSubdirs (System.Collections.ArrayList l, System.String pattern) [0x0002f] in <695d1cc93cca45069c528c15c9fdd749>:0 
  at (wrapper remoting-invoke-with-check) System.IO.DirectoryInfo.GetFilesSubdirs(System.Collections.ArrayList,string)
  at System.IO.DirectoryInfo.GetFilesSubdirs (System.Collections.ArrayList l, System.String pattern) [0x0002f] in <695d1cc93cca45069c528c15c9fdd749>:0 
  at (wrapper remoting-invoke-with-check) System.IO.DirectoryInfo.GetFilesSubdirs(System.Collections.ArrayList,string)
  at System.IO.DirectoryInfo.GetFilesSubdirs (System.Collections.ArrayList l, System.String pattern) [0x0002f] in <695d1cc93cca45069c528c15c9fdd749>:0 
  at (wrapper remoting-invoke-with-check) System.IO.DirectoryInfo.GetFilesSubdirs(System.Collections.ArrayList,string)
  at System.IO.DirectoryInfo.GetFilesSubdirs (System.Collections.ArrayList l, System.String pattern) [0x0002f] in <695d1cc93cca45069c528c15c9fdd749>:0 
  at (wrapper remoting-invoke-with-check) System.IO.DirectoryInfo.GetFilesSubdirs(System.Collections.ArrayList,string)
  at System.IO.DirectoryInfo.GetFilesSubdirs (System.Collections.ArrayList l, System.String pattern) [0x0002f] in <695d1cc93cca45069c528c15c9fdd749>:0 
  at System.IO.DirectoryInfo.GetFiles (System.String searchPattern, System.IO.SearchOption searchOption) [0x00017] in <695d1cc93cca45069c528c15c9fdd749>:0 
  at (wrapper remoting-invoke-with-check) System.IO.DirectoryInfo.GetFiles(string,System.IO.SearchOption)
  at Microsoft.MixedReality.Toolkit.Utilities.Editor.OnLoadUtilities.FindShaderFolderInPackage () [0x0004c] in G:\Unity\Spaghetti Recipe Project\Spaghetti-Recipe\Spaghetti-Recipe-Tutorial\Library\PackageCache\com.microsoft.mixedreality.toolkit.standardassets@21c7aff96a0a-1640241933416\EditorUtilities\OnLoadUtilities.cs:152 
  at Microsoft.MixedReality.Toolkit.Utilities.Editor.OnLoadUtilities.EnsureShaders (System.Boolean bypassIgnore) [0x00000] in G:\Unity\Spaghetti Recipe Project\Spaghetti-Recipe\Spaghetti-Recipe-Tutorial\Library\PackageCache\com.microsoft.mixedreality.toolkit.standardassets@21c7aff96a0a-1640241933416\EditorUtilities\OnLoadUtilities.cs:42 
  at Microsoft.MixedReality.Toolkit.Utilities.Editor.OnLoadUtilities..cctor () [0x00000] in G:\Unity\Spaghetti Recipe Project\Spaghetti-Recipe\Spaghetti-Recipe-Tutorial\Library\PackageCache\com.microsoft.mixedreality.toolkit.standardassets@21c7aff96a0a-1640241933416\EditorUtilities\OnLoadUtilities.cs:23 
UnityEngine.StackTraceUtility:ExtractStackTrace ()
UnityEngine.DebugLogHandler:LogFormat (UnityEngine.LogType,UnityEngine.Object,string,object[])
UnityEngine.Logger:Log (UnityEngine.LogType,object)
UnityEngine.Debug:LogError (object)
UnityEditor.EditorAssemblies:ProcessInitializeOnLoadAttributes (System.Type[])

[XR] Error loading subsystem: Display (1) (header mismatch?)
[XR] [MROpenXR][Info   ][14:24:48.027771][tid:4ff8] MeshProvider_RegisterLifecycleProvider
[XR] [MROpenXR][Info   ][14:24:48.057883][tid:4ff8] InputProvider_RegisterLifeCycleProvider
[XR] [MROpenXR][Info   ][14:24:48.058673][tid:4ff8] MicrosoftOpenXRPlugin_SetPluginEnvironment unityVersion=2020.3.25f1
[XR] [MROpenXR][Info   ][14:24:48.088527][tid:4ff8] MicrosoftOpenXRPlugin_SetPluginEnvironment openXRPluginVersion=1.3.1
[XR] [MROpenXR][Info   ][14:24:48.088613][tid:4ff8] MicrosoftOpenXRPlugin_SetPluginEnvironment mrOpenXRPluginVersion=1.2.1.0
[XR] [MROpenXR][Info   ][14:24:48.088694][tid:4ff8] OnPluginStarted UnityVersion=2020.3.25f1 OpenXRPluginVersion=1.3.1 MROpenXRPluginVersion=1.2.1.0 PartA_PrivTags=33554432
Mono: successfully reloaded assembly
- Completed reload, in 11.760 seconds
Domain Reload Profiling:
	ReloadAssembly (11849ms)
		BeginReloadAssembly (134ms)
			ExecutionOrderSort (0ms)
			DisableScriptedObjects (4ms)
			BackupInstance (0ms)
			ReleaseScriptingObjects (0ms)
			CreateAndSetChildDomain (18ms)
		EndReloadAssembly (11663ms)
			LoadAssemblies (97ms)
			RebuildTransferFunctionScriptingTraits (0ms)
			SetupTypeCache (340ms)
			ReleaseScriptCaches (1ms)
			RebuildScriptCaches (70ms)
			SetupLoadedEditorAssemblies (10845ms)
				LogAssemblyErrors (0ms)
				InitializePlatformSupportModulesInManaged (4ms)
				SetLoadedEditorAssemblies (0ms)
				RefreshPlugins (68ms)
				BeforeProcessingInitializeOnLoad (112ms)
				ProcessInitializeOnLoadAttributes (2480ms)
				ProcessInitializeOnLoadMethodAttributes (8180ms)
				AfterProcessingInitializeOnLoad (2ms)
				EditorAssembliesLoaded (0ms)
			ExecutionOrderSort2 (0ms)
			AwakeInstancesAfterBackupRestoration (6ms)
Platform modules already initialized, skipping
========================================================================
Worker process is ready to serve import requests
Launched and connected shader compiler UnityShaderCompiler.exe after 0.70 seconds
Refreshing native plugins compatible for Editor in 0.99 ms, found 10 plugins.
Preloading 0 native plugins for Editor in 0.00 ms.
Unloading 3895 Unused Serialized files (Serialized files now loaded: 0)
System memory in use before: 162.2 MB.
System memory in use after: 161.9 MB.

Unloading 806 unused Assets to reduce memory usage. Loaded Objects now: 4146.
Total: 4.591600 ms (FindLiveObjects: 0.345000 ms CreateObjectMapping: 0.209200 ms MarkObjects: 3.433900 ms  DeleteObjects: 0.602400 ms)

AssetImportParameters requested are different than current active one (requested -> active):
  custom:framework-win-MediaFoundation: 216162199b28c13a410421893ffa2e32 -> 
  custom:video-decoder-ogg-theora: a1e56fd34408186e4bbccfd4996cb3dc -> 
  custom:container-muxer-webm: aa71ff27fc2769a1b78a27578f13a17b -> 
  custom:container-demuxer-webm: 4f35f7cbe854078d1ac9338744f61a02 -> 
  custom:container-demuxer-ogg: 62fdf1f143b41e24485cea50d1cbac27 -> 
  custom:video-encoder-webm-vp8: eb34c28f22e8b96e1ab97ce403110664 -> 
  custom:video-decoder-webm-vp8: 9c59270c3fd7afecdb556c50c9e8de78 -> 
  custom:audio-decoder-ogg-vorbis: bf7c407c2cedff20999df2af8eb42d56 -> 
  custom:audio-encoder-webm-vorbis: bf7c407c2cedff20999df2af8eb42d56 -> 
========================================================================
Received Import Request.
  path: Assets/MRTK/Examples/Demos/HandTracking/Scenes/HandInteractionExamples.unity
  artifactKey: Guid(3dd4a396b5225f8469b9a1eb608bfa57) Importer(815301076,1909f56bfc062723c751e8b465ee728b)
Start importing Assets/MRTK/Examples/Demos/HandTracking/Scenes/HandInteractionExamples.unity using Guid(3dd4a396b5225f8469b9a1eb608bfa57) Importer(815301076,1909f56bfc062723c751e8b465ee728b)  -> (artifact id: '83fa108cfa1d84a03fe39cd0e6dfbb1f') in 0.457874 seconds 
  Import took 0.872182 seconds .

========================================================================
Received Import Request.
  Time since last request: 1005.032543 seconds.
  path: Packages/com.microsoft.mixedreality.toolkit.foundation/SDK/StandardAssets/Textures/IconShow.png
  artifactKey: Guid(0bee624b4074e5445929e56287795085) Importer(815301076,1909f56bfc062723c751e8b465ee728b)
Start importing Packages/com.microsoft.mixedreality.toolkit.foundation/SDK/StandardAssets/Textures/IconShow.png using Guid(0bee624b4074e5445929e56287795085) Importer(815301076,1909f56bfc062723c751e8b465ee728b)  -> (artifact id: 'adecff3db1d267962887f1160538d7a3') in 0.205549 seconds 
  Import took 0.317020 seconds .

========================================================================
Received Import Request.
  Time since last request: 1.010726 seconds.
  path: Packages/com.unity.collab-proxy/Editor/Collaborate/Assets/Icons/show-dark.png
  artifactKey: Guid(849b7119dad13a24397add67a7f78510) Importer(815301076,1909f56bfc062723c751e8b465ee728b)
Start importing Packages/com.unity.collab-proxy/Editor/Collaborate/Assets/Icons/show-dark.png using Guid(849b7119dad13a24397add67a7f78510) Importer(815301076,1909f56bfc062723c751e8b465ee728b)  -> (artifact id: '32c2b9811c6c229c7285b41484b2970f') in 0.063809 seconds 
  Import took 0.236246 seconds .

========================================================================
Received Import Request.
  Time since last request: 4.492657 seconds.
  path: Packages/com.unity.collab-proxy/Editor/Collaborate/Assets/Icons/show-dark@2x.png
  artifactKey: Guid(de4c62a7de5c61a41b5b0029b339f373) Importer(815301076,1909f56bfc062723c751e8b465ee728b)
Start importing Packages/com.unity.collab-proxy/Editor/Collaborate/Assets/Icons/show-dark@2x.png using Guid(de4c62a7de5c61a41b5b0029b339f373) Importer(815301076,1909f56bfc062723c751e8b465ee728b)  -> (artifact id: '26c95eecda70378b537a0cedb33dc97b') in 0.047776 seconds 
  Import took 0.093291 seconds .

========================================================================
Received Import Request.
  Time since last request: 0.129765 seconds.
  path: Packages/com.unity.collab-proxy/Editor/Collaborate/Assets/Icons/show-light.png
  artifactKey: Guid(9c0e0aeb2cb19c640a4d430e258e7336) Importer(815301076,1909f56bfc062723c751e8b465ee728b)
Start importing Packages/com.unity.collab-proxy/Editor/Collaborate/Assets/Icons/show-light.png using Guid(9c0e0aeb2cb19c640a4d430e258e7336) Importer(815301076,1909f56bfc062723c751e8b465ee728b)  -> (artifact id: '869a5f7fabe33641eac4adc8d36b7977') in 0.029380 seconds 
  Import took 0.061268 seconds .

========================================================================
Received Import Request.
  Time since last request: 0.450410 seconds.
  path: Packages/com.unity.collab-proxy/Editor/Collaborate/Assets/Icons/show-light@2x.png
  artifactKey: Guid(d84f7eb154b674f46b833c51f844277e) Importer(815301076,1909f56bfc062723c751e8b465ee728b)
Start importing Packages/com.unity.collab-proxy/Editor/Collaborate/Assets/Icons/show-light@2x.png using Guid(d84f7eb154b674f46b833c51f844277e) Importer(815301076,1909f56bfc062723c751e8b465ee728b)  -> (artifact id: '0ac9f2e926234faf4f82dc072e6b4d8c') in 0.013323 seconds 
  Import took 0.383546 seconds .

========================================================================
Received Import Request.
  Time since last request: 49.442014 seconds.
  path: Assets/MRTK/Examples/Experimental
  artifactKey: Guid(82c284801471c0a4ea588765a88caf64) Importer(815301076,1909f56bfc062723c751e8b465ee728b)
Start importing Assets/MRTK/Examples/Experimental using Guid(82c284801471c0a4ea588765a88caf64) Importer(815301076,1909f56bfc062723c751e8b465ee728b)  -> (artifact id: '3707903dea7d28ebfa1457f60a8fd84b') in 0.021335 seconds 
  Import took 0.222839 seconds .

========================================================================
Received Import Request.
  Time since last request: 2185.550804 seconds.
  path: Assets/Scenes/MainMenu.unity
  artifactKey: Guid(533648c45d5e0684389cd6058d133578) Importer(815301076,1909f56bfc062723c751e8b465ee728b)
Start importing Assets/Scenes/MainMenu.unity using Guid(533648c45d5e0684389cd6058d133578) Importer(815301076,1909f56bfc062723c751e8b465ee728b)  -> (artifact id: '32184c423fe674eb3be5d41d42eec9fc') in 0.009884 seconds 
  Import took 0.267847 seconds .

========================================================================
Received Import Request.
  Time since last request: 362.310478 seconds.
  path: Packages/com.microsoft.mixedreality.toolkit.standardassets/Textures/IridescentSpectrum.png
  artifactKey: Guid(86609bdc7f4c43d42991f96373fb8081) Importer(815301076,1909f56bfc062723c751e8b465ee728b)
Start importing Packages/com.microsoft.mixedreality.toolkit.standardassets/Textures/IridescentSpectrum.png using Guid(86609bdc7f4c43d42991f96373fb8081) Importer(815301076,1909f56bfc062723c751e8b465ee728b)  -> (artifact id: 'fb286e4e392d359d86012393681b537f') in 0.042868 seconds 
  Import took 0.089976 seconds .

========================================================================
Received Import Request.
  Time since last request: 423.413526 seconds.
  path: Packages/com.microsoft.mixedreality.toolkit.foundation/SDK/StandardAssets/Textures/IconHome.png
  artifactKey: Guid(85835ae0b6c3c1c418a57400fcbb788c) Importer(815301076,1909f56bfc062723c751e8b465ee728b)
Start importing Packages/com.microsoft.mixedreality.toolkit.foundation/SDK/StandardAssets/Textures/IconHome.png using Guid(85835ae0b6c3c1c418a57400fcbb788c) Importer(815301076,1909f56bfc062723c751e8b465ee728b)  -> (artifact id: '6399ab26fa67fd2996832c01f6c72bc3') in 0.052803 seconds 
  Import took 0.083157 seconds .

========================================================================
Received Import Request.
  Time since last request: 47.843896 seconds.
  path: Assets/Prefab/Cube.prefab
  artifactKey: Guid(39822c50ee18d314d98f4a61e25321ab) Importer(815301076,1909f56bfc062723c751e8b465ee728b)
Start importing Assets/Prefab/Cube.prefab using Guid(39822c50ee18d314d98f4a61e25321ab) Importer(815301076,1909f56bfc062723c751e8b465ee728b)  -> (artifact id: '8b8232b7c5cef3c05bbcddba308354f7') in 0.423756 seconds 
  Import took 0.459546 seconds .

========================================================================
Received Import Request.
  Time since last request: 14.417745 seconds.
  path: Assets/Prefab/Cube Anchor.prefab
  artifactKey: Guid(2c66c17bdf601df43b29ecdb037d6393) Importer(815301076,1909f56bfc062723c751e8b465ee728b)
Start importing Assets/Prefab/Cube Anchor.prefab using Guid(2c66c17bdf601df43b29ecdb037d6393) Importer(815301076,1909f56bfc062723c751e8b465ee728b)  -> (artifact id: 'ae93cc90678dd1057043b9fdc4054543') in 2.287394 seconds 
  Import took 2.302526 seconds .

========================================================================
Received Import Request.
  Time since last request: 1.171325 seconds.
  path: Assets/Prefab/AnchorCube.prefab
  artifactKey: Guid(424b490fb036a58419e5f49bcb79a9da) Importer(815301076,1909f56bfc062723c751e8b465ee728b)
Start importing Assets/Prefab/AnchorCube.prefab using Guid(424b490fb036a58419e5f49bcb79a9da) Importer(815301076,1909f56bfc062723c751e8b465ee728b)  -> (artifact id: '02260046c26b582a0e8a57a6af057adb') in 0.099069 seconds 
  Import took 0.146627 seconds .

========================================================================
Received Prepare
Registering precompiled user dll's ...
Registered in 0.919759 seconds.
Begin MonoManager ReloadAssembly
Native extension for WindowsStandalone target not found
Native extension for WebGL target not found
Refreshing native plugins compatible for Editor in 1.30 ms, found 10 plugins.
Preloading 0 native plugins for Editor in 0.00 ms.
System.IO.DirectoryNotFoundException: Could not find a part of the path 'G:\Unity\Spaghetti Recipe Project\Spaghetti-Recipe\Spaghetti-Recipe-Tutorial\Library\PackageCache\com.microsoft.mixedreality.toolkit.foundation@61d9ea0c72ed-1640241929247\SDK\StandardAssets\Profiles\BoundsControl\HoloLens2Style_Volumetric'.
  at System.IO.__Error.WinIOError (System.Int32 errorCode, System.String maybeFullPath) [0x000f7] in <695d1cc93cca45069c528c15c9fdd749>:0 
  at System.IO.FileSystemEnumerableIterator`1[TSource].HandleError (System.Int32 hr, System.String path) [0x00006] in <695d1cc93cca45069c528c15c9fdd749>:0 
  at System.IO.FileSystemEnumerableIterator`1[TSource].CommonInit () [0x00054] in <695d1cc93cca45069c528c15c9fdd749>:0 
  at System.IO.FileSystemEnumerableIterator`1[TSource]..ctor (System.String path, System.String originalUserPath, System.String searchPattern, System.IO.SearchOption searchOption, System.IO.SearchResultHandler`1[TSource] resultHandler, System.Boolean checkHost) [0x000d6] in <695d1cc93cca45069c528c15c9fdd749>:0 
  at System.IO.FileSystemEnumerableFactory.CreateFileNameIterator (System.String path, System.String originalUserPath, System.String searchPattern, System.Boolean includeFiles, System.Boolean includeDirs, System.IO.SearchOption searchOption, System.Boolean checkHost) [0x00009] in <695d1cc93cca45069c528c15c9fdd749>:0 
  at System.IO.Directory.InternalGetFileDirectoryNames (System.String path, System.String userPathOriginal, System.String searchPattern, System.Boolean includeFiles, System.Boolean includeDirs, System.IO.SearchOption searchOption, System.Boolean checkHost) [0x00000] in <695d1cc93cca45069c528c15c9fdd749>:0 
  at System.IO.Directory.InternalGetFiles (System.String path, System.String searchPattern, System.IO.SearchOption searchOption) [0x00000] in <695d1cc93cca45069c528c15c9fdd749>:0 
  at System.IO.Directory.GetFiles (System.String path, System.String searchPattern) [0x0001c] in <695d1cc93cca45069c528c15c9fdd749>:0 
  at System.IO.DirectoryInfo.GetFiles (System.String searchPattern) [0x0000e] in <695d1cc93cca45069c528c15c9fdd749>:0 
  at System.IO.DirectoryInfo.GetFilesSubdirs (System.Collections.ArrayList l, System.String pattern) [0x00002] in <695d1cc93cca45069c528c15c9fdd749>:0 
  at (wrapper remoting-invoke-with-check) System.IO.DirectoryInfo.GetFilesSubdirs(System.Collections.ArrayList,string)
  at System.IO.DirectoryInfo.GetFilesSubdirs (System.Collections.ArrayList l, System.String pattern) [0x0002f] in <695d1cc93cca45069c528c15c9fdd749>:0 
  at (wrapper remoting-invoke-with-check) System.IO.DirectoryInfo.GetFilesSubdirs(System.Collections.ArrayList,string)
  at System.IO.DirectoryInfo.GetFilesSubdirs (System.Collections.ArrayList l, System.String pattern) [0x0002f] in <695d1cc93cca45069c528c15c9fdd749>:0 
  at (wrapper remoting-invoke-with-check) System.IO.DirectoryInfo.GetFilesSubdirs(System.Collections.ArrayList,string)
  at System.IO.DirectoryInfo.GetFilesSubdirs (System.Collections.ArrayList l, System.String pattern) [0x0002f] in <695d1cc93cca45069c528c15c9fdd749>:0 
  at (wrapper remoting-invoke-with-check) System.IO.DirectoryInfo.GetFilesSubdirs(System.Collections.ArrayList,string)
  at System.IO.DirectoryInfo.GetFilesSubdirs (System.Collections.ArrayList l, System.String pattern) [0x0002f] in <695d1cc93cca45069c528c15c9fdd749>:0 
  at (wrapper remoting-invoke-with-check) System.IO.DirectoryInfo.GetFilesSubdirs(System.Collections.ArrayList,string)
  at System.IO.DirectoryInfo.GetFilesSubdirs (System.Collections.ArrayList l, System.String pattern) [0x0002f] in <695d1cc93cca45069c528c15c9fdd749>:0 
  at (wrapper remoting-invoke-with-check) System.IO.DirectoryInfo.GetFilesSubdirs(System.Collections.ArrayList,string)
  at System.IO.DirectoryInfo.GetFilesSubdirs (System.Collections.ArrayList l, System.String pattern) [0x0002f] in <695d1cc93cca45069c528c15c9fdd749>:0 
  at System.IO.DirectoryInfo.GetFiles (System.String searchPattern, System.IO.SearchOption searchOption) [0x00017] in <695d1cc93cca45069c528c15c9fdd749>:0 
  at (wrapper remoting-invoke-with-check) System.IO.DirectoryInfo.GetFiles(string,System.IO.SearchOption)
  at Microsoft.MixedReality.Toolkit.Utilities.Editor.OnLoadUtilities.FindShaderFolderInPackage () [0x0004c] in G:\Unity\Spaghetti Recipe Project\Spaghetti-Recipe\Spaghetti-Recipe-Tutorial\Library\PackageCache\com.microsoft.mixedreality.toolkit.standardassets@21c7aff96a0a-1640241933416\EditorUtilities\OnLoadUtilities.cs:152 
  at Microsoft.MixedReality.Toolkit.Utilities.Editor.OnLoadUtilities.EnsureShaders (System.Boolean bypassIgnore) [0x00000] in G:\Unity\Spaghetti Recipe Project\Spaghetti-Recipe\Spaghetti-Recipe-Tutorial\Library\PackageCache\com.microsoft.mixedreality.toolkit.standardassets@21c7aff96a0a-1640241933416\EditorUtilities\OnLoadUtilities.cs:42 
  at Microsoft.MixedReality.Toolkit.Utilities.Editor.OnLoadUtilities..cctor () [0x00000] in G:\Unity\Spaghetti Recipe Project\Spaghetti-Recipe\Spaghetti-Recipe-Tutorial\Library\PackageCache\com.microsoft.mixedreality.toolkit.standardassets@21c7aff96a0a-1640241933416\EditorUtilities\OnLoadUtilities.cs:23 
UnityEngine.StackTraceUtility:ExtractStackTrace ()
UnityEngine.DebugLogHandler:LogFormat (UnityEngine.LogType,UnityEngine.Object,string,object[])
UnityEngine.Logger:Log (UnityEngine.LogType,object)
UnityEngine.Debug:LogError (object)
UnityEditor.EditorAssemblies:ProcessInitializeOnLoadAttributes (System.Type[])

Error when attempting to update scene info fields. Scene info data may be stale.
UnityEngine.StackTraceUtility:ExtractStackTrace ()
UnityEngine.DebugLogHandler:LogFormat (UnityEngine.LogType,UnityEngine.Object,string,object[])
UnityEngine.Logger:Log (UnityEngine.LogType,object)
UnityEngine.Debug:LogWarning (object)
Microsoft.MixedReality.Toolkit.Editor.SceneInfoUtils:RefreshSceneInfoFieldsInScriptableObjects () (at Library/PackageCache/com.microsoft.mixedreality.toolkit.foundation@61d9ea0c72ed-1640241929247/Core/Inspectors/PropertyDrawers/SceneInfoUtils.cs:313)
Microsoft.MixedReality.Toolkit.Editor.SceneInfoUtils:InitializeOnLoad () (at Library/PackageCache/com.microsoft.mixedreality.toolkit.foundation@61d9ea0c72ed-1640241929247/Core/Inspectors/PropertyDrawers/SceneInfoUtils.cs:231)
System.Reflection.MonoMethod:Invoke (object,System.Reflection.BindingFlags,System.Reflection.Binder,object[],System.Globalization.CultureInfo)
System.Reflection.MethodBase:Invoke (object,object[])
UnityEditor.EditorAssemblies:ProcessInitializeOnLoadMethodAttributes ()

(Filename: Library/PackageCache/com.microsoft.mixedreality.toolkit.foundation@61d9ea0c72ed-1640241929247/Core/Inspectors/PropertyDrawers/SceneInfoUtils.cs Line: 313)

[XR] [MROpenXR][Info   ][15:39:43.269309][tid:4ff8] MicrosoftOpenXRPlugin_SetPluginEnvironment unityVersion=2020.3.25f1
[XR] [MROpenXR][Info   ][15:39:43.269733][tid:4ff8] MicrosoftOpenXRPlugin_SetPluginEnvironment openXRPluginVersion=1.3.1
[XR] [MROpenXR][Info   ][15:39:43.269783][tid:4ff8] MicrosoftOpenXRPlugin_SetPluginEnvironment mrOpenXRPluginVersion=1.2.1.0
[XR] [MROpenXR][Info   ][15:39:43.269854][tid:4ff8] OnPluginStarted UnityVersion=2020.3.25f1 OpenXRPluginVersion=1.3.1 MROpenXRPluginVersion=1.2.1.0 PartA_PrivTags=33554432
Mono: successfully reloaded assembly
- Completed reload, in  4.354 seconds
Domain Reload Profiling:
	ReloadAssembly (4355ms)
		BeginReloadAssembly (126ms)
			ExecutionOrderSort (0ms)
			DisableScriptedObjects (4ms)
			BackupInstance (0ms)
			ReleaseScriptingObjects (0ms)
			CreateAndSetChildDomain (47ms)
		EndReloadAssembly (4176ms)
			LoadAssemblies (96ms)
			RebuildTransferFunctionScriptingTraits (0ms)
			SetupTypeCache (304ms)
			ReleaseScriptCaches (1ms)
			RebuildScriptCaches (41ms)
			SetupLoadedEditorAssemblies (3187ms)
				LogAssemblyErrors (0ms)
				InitializePlatformSupportModulesInManaged (4ms)
				SetLoadedEditorAssemblies (0ms)
				RefreshPlugins (1ms)
				BeforeProcessingInitializeOnLoad (96ms)
				ProcessInitializeOnLoadAttributes (469ms)
				ProcessInitializeOnLoadMethodAttributes (2615ms)
				AfterProcessingInitializeOnLoad (2ms)
				EditorAssembliesLoaded (0ms)
			ExecutionOrderSort2 (0ms)
			AwakeInstancesAfterBackupRestoration (15ms)
Platform modules already initialized, skipping
Switching build target platform(19) subTarget(0) extendedPlatform(0) -> platform(21) subTarget(0) extendedPlatform(0)
Refreshing native plugins compatible for Editor in 1.05 ms, found 10 plugins.
Preloading 0 native plugins for Editor in 0.00 ms.
Unloading 3772 Unused Serialized files (Serialized files now loaded: 0)
System memory in use before: 155.7 MB.
System memory in use after: 155.5 MB.

Unloading 409 unused Assets to reduce memory usage. Loaded Objects now: 4164.
Total: 3.854600 ms (FindLiveObjects: 0.299600 ms CreateObjectMapping: 0.144100 ms MarkObjects: 3.126000 ms  DeleteObjects: 0.284100 ms)

AssetImportParameters requested are different than current active one (requested -> active):
  custom:framework-win-MediaFoundation: 216162199b28c13a410421893ffa2e32 -> 
  custom:video-decoder-ogg-theora: a1e56fd34408186e4bbccfd4996cb3dc -> 
  custom:container-muxer-webm: aa71ff27fc2769a1b78a27578f13a17b -> 
  custom:container-demuxer-webm: 4f35f7cbe854078d1ac9338744f61a02 -> 
  custom:container-demuxer-ogg: 62fdf1f143b41e24485cea50d1cbac27 -> 
  custom:video-encoder-webm-vp8: eb34c28f22e8b96e1ab97ce403110664 -> 
  custom:video-decoder-webm-vp8: 9c59270c3fd7afecdb556c50c9e8de78 -> 
  custom:audio-decoder-ogg-vorbis: bf7c407c2cedff20999df2af8eb42d56 -> 
  custom:audio-encoder-webm-vorbis: bf7c407c2cedff20999df2af8eb42d56 -> 
========================================================================
Received Prepare
Refreshing native plugins compatible for Editor in 1629.71 ms, found 10 plugins.
Preloading 0 native plugins for Editor in 0.00 ms.
Unloading 37 Unused Serialized files (Serialized files now loaded: 0)
System memory in use before: 75.7 MB.
System memory in use after: 75.9 MB.

Unloading 37 unused Assets to reduce memory usage. Loaded Objects now: 4164.
Total: 4.269500 ms (FindLiveObjects: 0.271400 ms CreateObjectMapping: 0.125900 ms MarkObjects: 3.849400 ms  DeleteObjects: 0.021800 ms)

AssetImportParameters requested are different than current active one (requested -> active):
  custom:framework-win-MediaFoundation: 216162199b28c13a410421893ffa2e32 -> 
  custom:video-decoder-ogg-theora: a1e56fd34408186e4bbccfd4996cb3dc -> 
  custom:container-muxer-webm: aa71ff27fc2769a1b78a27578f13a17b -> 
  custom:container-demuxer-webm: 4f35f7cbe854078d1ac9338744f61a02 -> 
  custom:container-demuxer-ogg: 62fdf1f143b41e24485cea50d1cbac27 -> 
  custom:video-encoder-webm-vp8: eb34c28f22e8b96e1ab97ce403110664 -> 
  custom:video-decoder-webm-vp8: 9c59270c3fd7afecdb556c50c9e8de78 -> 
  custom:audio-decoder-ogg-vorbis: bf7c407c2cedff20999df2af8eb42d56 -> 
  custom:audio-encoder-webm-vorbis: bf7c407c2cedff20999df2af8eb42d56 -> 
========================================================================
Received Prepare
Registering precompiled user dll's ...
Registered in 1.880092 seconds.
Begin MonoManager ReloadAssembly
Native extension for WindowsStandalone target not found
Native extension for WebGL target not found
Refreshing native plugins compatible for Editor in 1.09 ms, found 10 plugins.
Preloading 0 native plugins for Editor in 0.00 ms.
System.IO.DirectoryNotFoundException: Could not find a part of the path 'G:\Unity\Spaghetti Recipe Project\Spaghetti-Recipe\Spaghetti-Recipe-Tutorial\Library\PackageCache\com.microsoft.mixedreality.toolkit.foundation@61d9ea0c72ed-1640241929247\SDK\StandardAssets\Profiles\BoundsControl\HoloLens2Style_Volumetric'.
  at System.IO.__Error.WinIOError (System.Int32 errorCode, System.String maybeFullPath) [0x000f7] in <695d1cc93cca45069c528c15c9fdd749>:0 
  at System.IO.FileSystemEnumerableIterator`1[TSource].HandleError (System.Int32 hr, System.String path) [0x00006] in <695d1cc93cca45069c528c15c9fdd749>:0 
  at System.IO.FileSystemEnumerableIterator`1[TSource].CommonInit () [0x00054] in <695d1cc93cca45069c528c15c9fdd749>:0 
  at System.IO.FileSystemEnumerableIterator`1[TSource]..ctor (System.String path, System.String originalUserPath, System.String searchPattern, System.IO.SearchOption searchOption, System.IO.SearchResultHandler`1[TSource] resultHandler, System.Boolean checkHost) [0x000d6] in <695d1cc93cca45069c528c15c9fdd749>:0 
  at System.IO.FileSystemEnumerableFactory.CreateFileNameIterator (System.String path, System.String originalUserPath, System.String searchPattern, System.Boolean includeFiles, System.Boolean includeDirs, System.IO.SearchOption searchOption, System.Boolean checkHost) [0x00009] in <695d1cc93cca45069c528c15c9fdd749>:0 
  at System.IO.Directory.InternalGetFileDirectoryNames (System.String path, System.String userPathOriginal, System.String searchPattern, System.Boolean includeFiles, System.Boolean includeDirs, System.IO.SearchOption searchOption, System.Boolean checkHost) [0x00000] in <695d1cc93cca45069c528c15c9fdd749>:0 
  at System.IO.Directory.InternalGetFiles (System.String path, System.String searchPattern, System.IO.SearchOption searchOption) [0x00000] in <695d1cc93cca45069c528c15c9fdd749>:0 
  at System.IO.Directory.GetFiles (System.String path, System.String searchPattern) [0x0001c] in <695d1cc93cca45069c528c15c9fdd749>:0 
  at System.IO.DirectoryInfo.GetFiles (System.String searchPattern) [0x0000e] in <695d1cc93cca45069c528c15c9fdd749>:0 
  at System.IO.DirectoryInfo.GetFilesSubdirs (System.Collections.ArrayList l, System.String pattern) [0x00002] in <695d1cc93cca45069c528c15c9fdd749>:0 
  at (wrapper remoting-invoke-with-check) System.IO.DirectoryInfo.GetFilesSubdirs(System.Collections.ArrayList,string)
  at System.IO.DirectoryInfo.GetFilesSubdirs (System.Collections.ArrayList l, System.String pattern) [0x0002f] in <695d1cc93cca45069c528c15c9fdd749>:0 
  at (wrapper remoting-invoke-with-check) System.IO.DirectoryInfo.GetFilesSubdirs(System.Collections.ArrayList,string)
  at System.IO.DirectoryInfo.GetFilesSubdirs (System.Collections.ArrayList l, System.String pattern) [0x0002f] in <695d1cc93cca45069c528c15c9fdd749>:0 
  at (wrapper remoting-invoke-with-check) System.IO.DirectoryInfo.GetFilesSubdirs(System.Collections.ArrayList,string)
  at System.IO.DirectoryInfo.GetFilesSubdirs (System.Collections.ArrayList l, System.String pattern) [0x0002f] in <695d1cc93cca45069c528c15c9fdd749>:0 
  at (wrapper remoting-invoke-with-check) System.IO.DirectoryInfo.GetFilesSubdirs(System.Collections.ArrayList,string)
  at System.IO.DirectoryInfo.GetFilesSubdirs (System.Collections.ArrayList l, System.String pattern) [0x0002f] in <695d1cc93cca45069c528c15c9fdd749>:0 
  at (wrapper remoting-invoke-with-check) System.IO.DirectoryInfo.GetFilesSubdirs(System.Collections.ArrayList,string)
  at System.IO.DirectoryInfo.GetFilesSubdirs (System.Collections.ArrayList l, System.String pattern) [0x0002f] in <695d1cc93cca45069c528c15c9fdd749>:0 
  at (wrapper remoting-invoke-with-check) System.IO.DirectoryInfo.GetFilesSubdirs(System.Collections.ArrayList,string)
  at System.IO.DirectoryInfo.GetFilesSubdirs (System.Collections.ArrayList l, System.String pattern) [0x0002f] in <695d1cc93cca45069c528c15c9fdd749>:0 
  at System.IO.DirectoryInfo.GetFiles (System.String searchPattern, System.IO.SearchOption searchOption) [0x00017] in <695d1cc93cca45069c528c15c9fdd749>:0 
  at (wrapper remoting-invoke-with-check) System.IO.DirectoryInfo.GetFiles(string,System.IO.SearchOption)
  at Microsoft.MixedReality.Toolkit.Utilities.Editor.OnLoadUtilities.FindShaderFolderInPackage () [0x0004c] in G:\Unity\Spaghetti Recipe Project\Spaghetti-Recipe\Spaghetti-Recipe-Tutorial\Library\PackageCache\com.microsoft.mixedreality.toolkit.standardassets@21c7aff96a0a-1640241933416\EditorUtilities\OnLoadUtilities.cs:152 
  at Microsoft.MixedReality.Toolkit.Utilities.Editor.OnLoadUtilities.EnsureShaders (System.Boolean bypassIgnore) [0x00000] in G:\Unity\Spaghetti Recipe Project\Spaghetti-Recipe\Spaghetti-Recipe-Tutorial\Library\PackageCache\com.microsoft.mixedreality.toolkit.standardassets@21c7aff96a0a-1640241933416\EditorUtilities\OnLoadUtilities.cs:42 
  at Microsoft.MixedReality.Toolkit.Utilities.Editor.OnLoadUtilities..cctor () [0x00000] in G:\Unity\Spaghetti Recipe Project\Spaghetti-Recipe\Spaghetti-Recipe-Tutorial\Library\PackageCache\com.microsoft.mixedreality.toolkit.standardassets@21c7aff96a0a-1640241933416\EditorUtilities\OnLoadUtilities.cs:23 
UnityEngine.StackTraceUtility:ExtractStackTrace ()
UnityEngine.DebugLogHandler:LogFormat (UnityEngine.LogType,UnityEngine.Object,string,object[])
UnityEngine.Logger:Log (UnityEngine.LogType,object)
UnityEngine.Debug:LogError (object)
UnityEditor.EditorAssemblies:ProcessInitializeOnLoadAttributes (System.Type[])

Error when attempting to update scene info fields. Scene info data may be stale.
UnityEngine.StackTraceUtility:ExtractStackTrace ()
UnityEngine.DebugLogHandler:LogFormat (UnityEngine.LogType,UnityEngine.Object,string,object[])
UnityEngine.Logger:Log (UnityEngine.LogType,object)
UnityEngine.Debug:LogWarning (object)
Microsoft.MixedReality.Toolkit.Editor.SceneInfoUtils:RefreshSceneInfoFieldsInScriptableObjects () (at Library/PackageCache/com.microsoft.mixedreality.toolkit.foundation@61d9ea0c72ed-1640241929247/Core/Inspectors/PropertyDrawers/SceneInfoUtils.cs:313)
Microsoft.MixedReality.Toolkit.Editor.SceneInfoUtils:InitializeOnLoad () (at Library/PackageCache/com.microsoft.mixedreality.toolkit.foundation@61d9ea0c72ed-1640241929247/Core/Inspectors/PropertyDrawers/SceneInfoUtils.cs:231)
System.Reflection.MonoMethod:Invoke (object,System.Reflection.BindingFlags,System.Reflection.Binder,object[],System.Globalization.CultureInfo)
System.Reflection.MethodBase:Invoke (object,object[])
UnityEditor.EditorAssemblies:ProcessInitializeOnLoadMethodAttributes ()

(Filename: Library/PackageCache/com.microsoft.mixedreality.toolkit.foundation@61d9ea0c72ed-1640241929247/Core/Inspectors/PropertyDrawers/SceneInfoUtils.cs Line: 313)

[XR] [MROpenXR][Info   ][16:13:10.408102][tid:4ff8] MicrosoftOpenXRPlugin_SetPluginEnvironment unityVersion=2020.3.25f1
[XR] [MROpenXR][Info   ][16:13:10.408749][tid:4ff8] MicrosoftOpenXRPlugin_SetPluginEnvironment openXRPluginVersion=1.3.1
[XR] [MROpenXR][Info   ][16:13:10.408826][tid:4ff8] MicrosoftOpenXRPlugin_SetPluginEnvironment mrOpenXRPluginVersion=1.2.1.0
[XR] [MROpenXR][Info   ][16:13:10.408920][tid:4ff8] OnPluginStarted UnityVersion=2020.3.25f1 OpenXRPluginVersion=1.3.1 MROpenXRPluginVersion=1.2.1.0 PartA_PrivTags=33554432
Mono: successfully reloaded assembly
- Completed reload, in  7.302 seconds
Domain Reload Profiling:
	ReloadAssembly (7382ms)
		BeginReloadAssembly (1162ms)
			ExecutionOrderSort (0ms)
			DisableScriptedObjects (258ms)
			BackupInstance (0ms)
			ReleaseScriptingObjects (0ms)
			CreateAndSetChildDomain (463ms)
		EndReloadAssembly (6058ms)
			LoadAssemblies (216ms)
			RebuildTransferFunctionScriptingTraits (0ms)
			SetupTypeCache (511ms)
			ReleaseScriptCaches (1ms)
			RebuildScriptCaches (63ms)
			SetupLoadedEditorAssemblies (4434ms)
				LogAssemblyErrors (0ms)
				InitializePlatformSupportModulesInManaged (4ms)
				SetLoadedEditorAssemblies (1ms)
				RefreshPlugins (1ms)
				BeforeProcessingInitializeOnLoad (118ms)
				ProcessInitializeOnLoadAttributes (544ms)
				ProcessInitializeOnLoadMethodAttributes (3764ms)
				AfterProcessingInitializeOnLoad (2ms)
				EditorAssembliesLoaded (0ms)
			ExecutionOrderSort2 (0ms)
			AwakeInstancesAfterBackupRestoration (14ms)
Platform modules already initialized, skipping
Switching build target platform(19) subTarget(0) extendedPlatform(0) -> platform(21) subTarget(0) extendedPlatform(0)
Refreshing native plugins compatible for Editor in 1.16 ms, found 10 plugins.
Preloading 0 native plugins for Editor in 0.00 ms.
Unloading 3772 Unused Serialized files (Serialized files now loaded: 0)
System memory in use before: 155.8 MB.
System memory in use after: 155.6 MB.

Unloading 408 unused Assets to reduce memory usage. Loaded Objects now: 4171.
Total: 99.725300 ms (FindLiveObjects: 0.326000 ms CreateObjectMapping: 0.212000 ms MarkObjects: 79.326700 ms  DeleteObjects: 19.858700 ms)

AssetImportParameters requested are different than current active one (requested -> active):
  custom:framework-win-MediaFoundation: 216162199b28c13a410421893ffa2e32 -> 
  custom:video-decoder-ogg-theora: a1e56fd34408186e4bbccfd4996cb3dc -> 
  custom:container-muxer-webm: aa71ff27fc2769a1b78a27578f13a17b -> 
  custom:container-demuxer-webm: 4f35f7cbe854078d1ac9338744f61a02 -> 
  custom:container-demuxer-ogg: 62fdf1f143b41e24485cea50d1cbac27 -> 
  custom:video-encoder-webm-vp8: eb34c28f22e8b96e1ab97ce403110664 -> 
  custom:video-decoder-webm-vp8: 9c59270c3fd7afecdb556c50c9e8de78 -> 
  custom:audio-decoder-ogg-vorbis: bf7c407c2cedff20999df2af8eb42d56 -> 
  custom:audio-encoder-webm-vorbis: bf7c407c2cedff20999df2af8eb42d56 -> 
========================================================================
Received Prepare
Refreshing native plugins compatible for Editor in 86.14 ms, found 10 plugins.
Preloading 0 native plugins for Editor in 0.00 ms.
Unloading 37 Unused Serialized files (Serialized files now loaded: 0)
System memory in use before: 75.8 MB.
System memory in use after: 76.0 MB.

Unloading 37 unused Assets to reduce memory usage. Loaded Objects now: 4171.
Total: 5.562700 ms (FindLiveObjects: 0.434600 ms CreateObjectMapping: 0.184000 ms MarkObjects: 4.911700 ms  DeleteObjects: 0.031300 ms)

AssetImportParameters requested are different than current active one (requested -> active):
  custom:framework-win-MediaFoundation: 216162199b28c13a410421893ffa2e32 -> 
  custom:video-decoder-ogg-theora: a1e56fd34408186e4bbccfd4996cb3dc -> 
  custom:container-muxer-webm: aa71ff27fc2769a1b78a27578f13a17b -> 
  custom:container-demuxer-webm: 4f35f7cbe854078d1ac9338744f61a02 -> 
  custom:container-demuxer-ogg: 62fdf1f143b41e24485cea50d1cbac27 -> 
  custom:video-encoder-webm-vp8: eb34c28f22e8b96e1ab97ce403110664 -> 
  custom:video-decoder-webm-vp8: 9c59270c3fd7afecdb556c50c9e8de78 -> 
  custom:audio-decoder-ogg-vorbis: bf7c407c2cedff20999df2af8eb42d56 -> 
  custom:audio-encoder-webm-vorbis: bf7c407c2cedff20999df2af8eb42d56 -> 
