Using pre-set license
Built from '2020.3/release' branch; Version is '2020.3.7f1 (dd97f2c94397) revision 14522354'; Using compiler version '192528614'; Build Type 'Release'
OS: 'Windows 10 Home Single Language; OS build 19042.867; Version 2009; 64bit' Language: 'en' Physical Memory: 8029 MB
BatchMode: 1, IsHumanControllingUs: 0, StartBugReporterOnCrash: 0, Is64bit: 1, IsPro: 0

 COMMAND LINE ARGUMENTS:
D:\2020.3.7f1\Editor\Unity.exe
-adb2
-batchMode
-noUpm
-name
AssetImportWorker1
-projectPath
C:/Users/acer/Documents/GitHub Projects/Spaghetti Project/Spaghetti-Recipe-Tutorial
-logFile
Logs/AssetImportWorker1.log
-srvPort
51995
Successfully changed project path to: C:/Users/acer/Documents/GitHub Projects/Spaghetti Project/Spaghetti-Recipe-Tutorial
C:/Users/acer/Documents/GitHub Projects/Spaghetti Project/Spaghetti-Recipe-Tutorial
Using Asset Import Pipeline V2.
Refreshing native plugins compatible for Editor in 97.97 ms, found 15 plugins.
Preloading 0 native plugins for Editor in 0.00 ms.
Initialize engine version: 2020.3.7f1 (dd97f2c94397)
[Subsystems] Discovering subsystems at path D:/2020.3.7f1/Editor/Data/Resources/UnitySubsystems
[Subsystems] Discovering subsystems at path C:/Users/acer/Documents/GitHub Projects/Spaghetti Project/Spaghetti-Recipe-Tutorial/Assets
GfxDevice: creating device client; threaded=0
Direct3D:
    Version:  Direct3D 11.0 [level 11.1]
    Renderer: NVIDIA GeForce GTX 1650 (ID=0x1f91)
    Vendor:   
    VRAM:     3962 MB
    Driver:   27.21.14.5167
Initialize mono
Mono path[0] = 'D:/2020.3.7f1/Editor/Data/Managed'
Mono path[1] = 'D:/2020.3.7f1/Editor/Data/MonoBleedingEdge/lib/mono/unityjit'
Mono config path = 'D:/2020.3.7f1/Editor/Data/MonoBleedingEdge/etc'
Using monoOptions --debugger-agent=transport=dt_socket,embedding=1,server=y,suspend=n,address=127.0.0.1:56540
Begin MonoManager ReloadAssembly
Registering precompiled unity dll's ...
Register platform support module: D:/2020.3.7f1/Editor/Data/PlaybackEngines/WebGLSupport/UnityEditor.WebGL.Extensions.dll
Register platform support module: D:/2020.3.7f1/Editor/Data/PlaybackEngines/WindowsStandaloneSupport/UnityEditor.WindowsStandalone.Extensions.dll
Registered in 0.065999 seconds.
Native extension for WindowsStandalone target not found
Native extension for WebGL target not found
Refreshing native plugins compatible for Editor in 70.59 ms, found 15 plugins.
Preloading 0 native plugins for Editor in 0.00 ms.
Mono: successfully reloaded assembly
- Completed reload, in  5.844 seconds
Platform modules already initialized, skipping
Registering precompiled user dll's ...
Registered in 0.687530 seconds.
Begin MonoManager ReloadAssembly
Native extension for WindowsStandalone target not found
Native extension for WebGL target not found
Refreshing native plugins compatible for Editor in 67.79 ms, found 15 plugins.
Preloading 0 native plugins for Editor in 0.00 ms.
System.IO.DirectoryNotFoundException: Could not find a part of the path 'C:\Users\acer\Documents\GitHub Projects\Spaghetti Project\Spaghetti-Recipe-Tutorial\Library\PackageCache\com.microsoft.mixedreality.toolkit.examples@5dd0110f4522-1641373384163\Samples~\Demos\EyeTracking\DemoScrollPanZoom\Scripts\BaseClasses'.
  at System.IO.__Error.WinIOError (System.Int32 errorCode, System.String maybeFullPath) [0x000f7] in <695d1cc93cca45069c528c15c9fdd749>:0 
  at System.IO.FileSystemEnumerableIterator`1[TSource].HandleError (System.Int32 hr, System.String path) [0x00006] in <695d1cc93cca45069c528c15c9fdd749>:0 
  at System.IO.FileSystemEnumerableIterator`1[TSource].CommonInit () [0x00054] in <695d1cc93cca45069c528c15c9fdd749>:0 
  at System.IO.FileSystemEnumerableIterator`1[TSource]..ctor (System.String path, System.String originalUserPath, System.String searchPattern, System.IO.SearchOption searchOption, System.IO.SearchResultHandler`1[TSource] resultHandler, System.Boolean checkHost) [0x000d6] in <695d1cc93cca45069c528c15c9fdd749>:0 
  at System.IO.FileSystemEnumerableFactory.CreateFileNameIterator (System.String path, System.String originalUserPath, System.String searchPattern, System.Boolean includeFiles, System.Boolean includeDirs, System.IO.SearchOption searchOption, System.Boolean checkHost) [0x00009] in <695d1cc93cca45069c528c15c9fdd749>:0 
  at System.IO.Directory.InternalGetFileDirectoryNames (System.String path, System.String userPathOriginal, System.String searchPattern, System.Boolean includeFiles, System.Boolean includeDirs, System.IO.SearchOption searchOption, System.Boolean checkHost) [0x00000] in <695d1cc93cca45069c528c15c9fdd749>:0 
  at System.IO.Directory.InternalGetFiles (System.String path, System.String searchPattern, System.IO.SearchOption searchOption) [0x00000] in <695d1cc93cca45069c528c15c9fdd749>:0 
  at System.IO.Directory.GetFiles (System.String path, System.String searchPattern) [0x0001c] in <695d1cc93cca45069c528c15c9fdd749>:0 
  at System.IO.DirectoryInfo.GetFiles (System.String searchPattern) [0x0000e] in <695d1cc93cca45069c528c15c9fdd749>:0 
  at System.IO.DirectoryInfo.GetFilesSubdirs (System.Collections.ArrayList l, System.String pattern) [0x00002] in <695d1cc93cca45069c528c15c9fdd749>:0 
  at (wrapper remoting-invoke-with-check) System.IO.DirectoryInfo.GetFilesSubdirs(System.Collections.ArrayList,string)
  at System.IO.DirectoryInfo.GetFilesSubdirs (System.Collections.ArrayList l, System.String pattern) [0x0002f] in <695d1cc93cca45069c528c15c9fdd749>:0 
  at (wrapper remoting-invoke-with-check) System.IO.DirectoryInfo.GetFilesSubdirs(System.Collections.ArrayList,string)
  at System.IO.DirectoryInfo.GetFilesSubdirs (System.Collections.ArrayList l, System.String pattern) [0x0002f] in <695d1cc93cca45069c528c15c9fdd749>:0 
  at (wrapper remoting-invoke-with-check) System.IO.DirectoryInfo.GetFilesSubdirs(System.Collections.ArrayList,string)
  at System.IO.DirectoryInfo.GetFilesSubdirs (System.Collections.ArrayList l, System.String pattern) [0x0002f] in <695d1cc93cca45069c528c15c9fdd749>:0 
  at (wrapper remoting-invoke-with-check) System.IO.DirectoryInfo.GetFilesSubdirs(System.Collections.ArrayList,string)
  at System.IO.DirectoryInfo.GetFilesSubdirs (System.Collections.ArrayList l, System.String pattern) [0x0002f] in <695d1cc93cca45069c528c15c9fdd749>:0 
  at (wrapper remoting-invoke-with-check) System.IO.DirectoryInfo.GetFilesSubdirs(System.Collections.ArrayList,string)
  at System.IO.DirectoryInfo.GetFilesSubdirs (System.Collections.ArrayList l, System.String pattern) [0x0002f] in <695d1cc93cca45069c528c15c9fdd749>:0 
  at (wrapper remoting-invoke-with-check) System.IO.DirectoryInfo.GetFilesSubdirs(System.Collections.ArrayList,string)
  at System.IO.DirectoryInfo.GetFilesSubdirs (System.Collections.ArrayList l, System.String pattern) [0x0002f] in <695d1cc93cca45069c528c15c9fdd749>:0 
  at (wrapper remoting-invoke-with-check) System.IO.DirectoryInfo.GetFilesSubdirs(System.Collections.ArrayList,string)
  at System.IO.DirectoryInfo.GetFilesSubdirs (System.Collections.ArrayList l, System.String pattern) [0x0002f] in <695d1cc93cca45069c528c15c9fdd749>:0 
  at System.IO.DirectoryInfo.GetFiles (System.String searchPattern, System.IO.SearchOption searchOption) [0x00017] in <695d1cc93cca45069c528c15c9fdd749>:0 
  at (wrapper remoting-invoke-with-check) System.IO.DirectoryInfo.GetFiles(string,System.IO.SearchOption)
  at Microsoft.MixedReality.Toolkit.Utilities.Editor.OnLoadUtilities.FindShaderFolderInPackage () [0x0004c] in C:\Users\acer\Documents\GitHub Projects\Spaghetti Project\Spaghetti-Recipe-Tutorial\Library\PackageCache\com.microsoft.mixedreality.toolkit.standardassets@07b562b040b9-1641373384239\EditorUtilities\OnLoadUtilities.cs:152 
  at Microsoft.MixedReality.Toolkit.Utilities.Editor.OnLoadUtilities.EnsureShaders (System.Boolean bypassIgnore) [0x00000] in C:\Users\acer\Documents\GitHub Projects\Spaghetti Project\Spaghetti-Recipe-Tutorial\Library\PackageCache\com.microsoft.mixedreality.toolkit.standardassets@07b562b040b9-1641373384239\EditorUtilities\OnLoadUtilities.cs:42 
  at Microsoft.MixedReality.Toolkit.Utilities.Editor.OnLoadUtilities..cctor () [0x00000] in C:\Users\acer\Documents\GitHub Projects\Spaghetti Project\Spaghetti-Recipe-Tutorial\Library\PackageCache\com.microsoft.mixedreality.toolkit.standardassets@07b562b040b9-1641373384239\EditorUtilities\OnLoadUtilities.cs:23 
UnityEngine.StackTraceUtility:ExtractStackTrace ()
UnityEngine.DebugLogHandler:LogFormat (UnityEngine.LogType,UnityEngine.Object,string,object[])
UnityEngine.Logger:Log (UnityEngine.LogType,object)
UnityEngine.Debug:LogError (object)
UnityEditor.EditorAssemblies:ProcessInitializeOnLoadAttributes (System.Type[])

Invalid serialized file header. File: "VirtualArtifacts/Primary/69c7e3c117890dc4eaf92659b4fa5348".
UnityEngine.StackTraceUtility:ExtractStackTrace ()
UnityEditor.AssetDatabase:LoadAssetAtPath<UnityEngine.ScriptableObject> (string)
Microsoft.MixedReality.Toolkit.Editor.ScriptableObjectExtensions:GetAllInstances<UnityEngine.ScriptableObject> () (at Library/PackageCache/com.microsoft.mixedreality.toolkit.foundation@42da995b28d5-1641373384214/Core/Extensions/EditorClassExtensions/ScriptableObjectExtensions.cs:65)
Microsoft.MixedReality.Toolkit.Editor.SceneInfoUtils:RefreshSceneInfoFieldsInScriptableObjects () (at Library/PackageCache/com.microsoft.mixedreality.toolkit.foundation@42da995b28d5-1641373384214/Core/Inspectors/PropertyDrawers/SceneInfoUtils.cs:298)
Microsoft.MixedReality.Toolkit.Editor.SceneInfoUtils:InitializeOnLoad () (at Library/PackageCache/com.microsoft.mixedreality.toolkit.foundation@42da995b28d5-1641373384214/Core/Inspectors/PropertyDrawers/SceneInfoUtils.cs:231)

[Library/PackageCache/com.microsoft.mixedreality.toolkit.foundation@42da995b28d5-1641373384214/Core/Extensions/EditorClassExtensions/ScriptableObjectExtensions.cs line 65]

Unknown error occurred while loading 'Library/Artifacts/3b/3beed4fcb27c932cc96ba329942af26b'.
UnityEngine.StackTraceUtility:ExtractStackTrace ()
UnityEditor.AssetDatabase:LoadAssetAtPath<UnityEngine.ScriptableObject> (string)
Microsoft.MixedReality.Toolkit.Editor.ScriptableObjectExtensions:GetAllInstances<UnityEngine.ScriptableObject> () (at Library/PackageCache/com.microsoft.mixedreality.toolkit.foundation@42da995b28d5-1641373384214/Core/Extensions/EditorClassExtensions/ScriptableObjectExtensions.cs:65)
Microsoft.MixedReality.Toolkit.Editor.SceneInfoUtils:RefreshSceneInfoFieldsInScriptableObjects () (at Library/PackageCache/com.microsoft.mixedreality.toolkit.foundation@42da995b28d5-1641373384214/Core/Inspectors/PropertyDrawers/SceneInfoUtils.cs:298)
Microsoft.MixedReality.Toolkit.Editor.SceneInfoUtils:InitializeOnLoad () (at Library/PackageCache/com.microsoft.mixedreality.toolkit.foundation@42da995b28d5-1641373384214/Core/Inspectors/PropertyDrawers/SceneInfoUtils.cs:231)

[Library/PackageCache/com.microsoft.mixedreality.toolkit.foundation@42da995b28d5-1641373384214/Core/Extensions/EditorClassExtensions/ScriptableObjectExtensions.cs line 65]

Invalid serialized file header. File: "VirtualArtifacts/Primary/69c7e3c117890dc4eaf92659b4fa5348".
UnityEngine.StackTraceUtility:ExtractStackTrace ()
UnityEditor.AssetDatabase:LoadAssetAtPath<UnityEngine.ScriptableObject> (string)
Microsoft.MixedReality.Toolkit.Editor.ScriptableObjectExtensions:GetAllInstances<UnityEngine.ScriptableObject> () (at Library/PackageCache/com.microsoft.mixedreality.toolkit.foundation@42da995b28d5-1641373384214/Core/Extensions/EditorClassExtensions/ScriptableObjectExtensions.cs:65)
Microsoft.MixedReality.Toolkit.Editor.SceneInfoUtils:RefreshSceneInfoFieldsInScriptableObjects () (at Library/PackageCache/com.microsoft.mixedreality.toolkit.foundation@42da995b28d5-1641373384214/Core/Inspectors/PropertyDrawers/SceneInfoUtils.cs:298)
Microsoft.MixedReality.Toolkit.Editor.SceneInfoUtils:InitializeOnLoad () (at Library/PackageCache/com.microsoft.mixedreality.toolkit.foundation@42da995b28d5-1641373384214/Core/Inspectors/PropertyDrawers/SceneInfoUtils.cs:231)

[Library/PackageCache/com.microsoft.mixedreality.toolkit.foundation@42da995b28d5-1641373384214/Core/Extensions/EditorClassExtensions/ScriptableObjectExtensions.cs line 65]

Invalid serialized file header. File: "VirtualArtifacts/Primary/69c7e3c117890dc4eaf92659b4fa5348".
UnityEngine.StackTraceUtility:ExtractStackTrace ()
UnityEditor.AssetDatabase:LoadAssetAtPath<UnityEngine.ScriptableObject> (string)
Microsoft.MixedReality.Toolkit.Editor.ScriptableObjectExtensions:GetAllInstances<UnityEngine.ScriptableObject> () (at Library/PackageCache/com.microsoft.mixedreality.toolkit.foundation@42da995b28d5-1641373384214/Core/Extensions/EditorClassExtensions/ScriptableObjectExtensions.cs:65)
Microsoft.MixedReality.Toolkit.Editor.SceneInfoUtils:RefreshSceneInfoFieldsInScriptableObjects () (at Library/PackageCache/com.microsoft.mixedreality.toolkit.foundation@42da995b28d5-1641373384214/Core/Inspectors/PropertyDrawers/SceneInfoUtils.cs:298)
Microsoft.MixedReality.Toolkit.Editor.SceneInfoUtils:InitializeOnLoad () (at Library/PackageCache/com.microsoft.mixedreality.toolkit.foundation@42da995b28d5-1641373384214/Core/Inspectors/PropertyDrawers/SceneInfoUtils.cs:231)

[Library/PackageCache/com.microsoft.mixedreality.toolkit.foundation@42da995b28d5-1641373384214/Core/Extensions/EditorClassExtensions/ScriptableObjectExtensions.cs line 65]

Invalid serialized file header. File: "VirtualArtifacts/Primary/69c7e3c117890dc4eaf92659b4fa5348".
UnityEngine.StackTraceUtility:ExtractStackTrace ()
UnityEditor.AssetDatabase:LoadAssetAtPath<UnityEngine.ScriptableObject> (string)
Microsoft.MixedReality.Toolkit.Editor.ScriptableObjectExtensions:GetAllInstances<UnityEngine.ScriptableObject> () (at Library/PackageCache/com.microsoft.mixedreality.toolkit.foundation@42da995b28d5-1641373384214/Core/Extensions/EditorClassExtensions/ScriptableObjectExtensions.cs:65)
Microsoft.MixedReality.Toolkit.Editor.SceneInfoUtils:RefreshSceneInfoFieldsInScriptableObjects () (at Library/PackageCache/com.microsoft.mixedreality.toolkit.foundation@42da995b28d5-1641373384214/Core/Inspectors/PropertyDrawers/SceneInfoUtils.cs:298)
Microsoft.MixedReality.Toolkit.Editor.SceneInfoUtils:InitializeOnLoad () (at Library/PackageCache/com.microsoft.mixedreality.toolkit.foundation@42da995b28d5-1641373384214/Core/Inspectors/PropertyDrawers/SceneInfoUtils.cs:231)

[Library/PackageCache/com.microsoft.mixedreality.toolkit.foundation@42da995b28d5-1641373384214/Core/Extensions/EditorClassExtensions/ScriptableObjectExtensions.cs line 65]

Invalid serialized file header. File: "VirtualArtifacts/Primary/69c7e3c117890dc4eaf92659b4fa5348".
UnityEngine.StackTraceUtility:ExtractStackTrace ()
UnityEditor.AssetDatabase:LoadAssetAtPath<UnityEngine.ScriptableObject> (string)
Microsoft.MixedReality.Toolkit.Editor.ScriptableObjectExtensions:GetAllInstances<UnityEngine.ScriptableObject> () (at Library/PackageCache/com.microsoft.mixedreality.toolkit.foundation@42da995b28d5-1641373384214/Core/Extensions/EditorClassExtensions/ScriptableObjectExtensions.cs:65)
Microsoft.MixedReality.Toolkit.Editor.SceneInfoUtils:RefreshSceneInfoFieldsInScriptableObjects () (at Library/PackageCache/com.microsoft.mixedreality.toolkit.foundation@42da995b28d5-1641373384214/Core/Inspectors/PropertyDrawers/SceneInfoUtils.cs:298)
Microsoft.MixedReality.Toolkit.Editor.SceneInfoUtils:InitializeOnLoad () (at Library/PackageCache/com.microsoft.mixedreality.toolkit.foundation@42da995b28d5-1641373384214/Core/Inspectors/PropertyDrawers/SceneInfoUtils.cs:231)

[Library/PackageCache/com.microsoft.mixedreality.toolkit.foundation@42da995b28d5-1641373384214/Core/Extensions/EditorClassExtensions/ScriptableObjectExtensions.cs line 65]

Invalid serialized file header. File: "VirtualArtifacts/Primary/69c7e3c117890dc4eaf92659b4fa5348".
UnityEngine.StackTraceUtility:ExtractStackTrace ()
UnityEditor.AssetDatabase:LoadAssetAtPath<UnityEngine.ScriptableObject> (string)
Microsoft.MixedReality.Toolkit.Editor.ScriptableObjectExtensions:GetAllInstances<UnityEngine.ScriptableObject> () (at Library/PackageCache/com.microsoft.mixedreality.toolkit.foundation@42da995b28d5-1641373384214/Core/Extensions/EditorClassExtensions/ScriptableObjectExtensions.cs:65)
Microsoft.MixedReality.Toolkit.Editor.SceneInfoUtils:RefreshSceneInfoFieldsInScriptableObjects () (at Library/PackageCache/com.microsoft.mixedreality.toolkit.foundation@42da995b28d5-1641373384214/Core/Inspectors/PropertyDrawers/SceneInfoUtils.cs:298)
Microsoft.MixedReality.Toolkit.Editor.SceneInfoUtils:InitializeOnLoad () (at Library/PackageCache/com.microsoft.mixedreality.toolkit.foundation@42da995b28d5-1641373384214/Core/Inspectors/PropertyDrawers/SceneInfoUtils.cs:231)

[Library/PackageCache/com.microsoft.mixedreality.toolkit.foundation@42da995b28d5-1641373384214/Core/Extensions/EditorClassExtensions/ScriptableObjectExtensions.cs line 65]

Invalid serialized file header. File: "VirtualArtifacts/Primary/fea29429b97dbb14b97820f56c74060a".
UnityEngine.StackTraceUtility:ExtractStackTrace ()
UnityEditor.AssetDatabase:LoadAssetAtPath<UnityEngine.ScriptableObject> (string)
Microsoft.MixedReality.Toolkit.Editor.ScriptableObjectExtensions:GetAllInstances<UnityEngine.ScriptableObject> () (at Library/PackageCache/com.microsoft.mixedreality.toolkit.foundation@42da995b28d5-1641373384214/Core/Extensions/EditorClassExtensions/ScriptableObjectExtensions.cs:65)
Microsoft.MixedReality.Toolkit.Editor.SceneInfoUtils:RefreshSceneInfoFieldsInScriptableObjects () (at Library/PackageCache/com.microsoft.mixedreality.toolkit.foundation@42da995b28d5-1641373384214/Core/Inspectors/PropertyDrawers/SceneInfoUtils.cs:298)
Microsoft.MixedReality.Toolkit.Editor.SceneInfoUtils:InitializeOnLoad () (at Library/PackageCache/com.microsoft.mixedreality.toolkit.foundation@42da995b28d5-1641373384214/Core/Inspectors/PropertyDrawers/SceneInfoUtils.cs:231)

[Library/PackageCache/com.microsoft.mixedreality.toolkit.foundation@42da995b28d5-1641373384214/Core/Extensions/EditorClassExtensions/ScriptableObjectExtensions.cs line 65]

Unknown error occurred while loading 'Library/Artifacts/31/31c598da27655a2ce3a87d678ef994ff'.
UnityEngine.StackTraceUtility:ExtractStackTrace ()
UnityEditor.AssetDatabase:LoadAssetAtPath<UnityEngine.ScriptableObject> (string)
Microsoft.MixedReality.Toolkit.Editor.ScriptableObjectExtensions:GetAllInstances<UnityEngine.ScriptableObject> () (at Library/PackageCache/com.microsoft.mixedreality.toolkit.foundation@42da995b28d5-1641373384214/Core/Extensions/EditorClassExtensions/ScriptableObjectExtensions.cs:65)
Microsoft.MixedReality.Toolkit.Editor.SceneInfoUtils:RefreshSceneInfoFieldsInScriptableObjects () (at Library/PackageCache/com.microsoft.mixedreality.toolkit.foundation@42da995b28d5-1641373384214/Core/Inspectors/PropertyDrawers/SceneInfoUtils.cs:298)
Microsoft.MixedReality.Toolkit.Editor.SceneInfoUtils:InitializeOnLoad () (at Library/PackageCache/com.microsoft.mixedreality.toolkit.foundation@42da995b28d5-1641373384214/Core/Inspectors/PropertyDrawers/SceneInfoUtils.cs:231)

[Library/PackageCache/com.microsoft.mixedreality.toolkit.foundation@42da995b28d5-1641373384214/Core/Extensions/EditorClassExtensions/ScriptableObjectExtensions.cs line 65]

Invalid serialized file header. File: "VirtualArtifacts/Primary/fea29429b97dbb14b97820f56c74060a".
UnityEngine.StackTraceUtility:ExtractStackTrace ()
UnityEditor.AssetDatabase:LoadAssetAtPath<UnityEngine.ScriptableObject> (string)
Microsoft.MixedReality.Toolkit.Editor.ScriptableObjectExtensions:GetAllInstances<UnityEngine.ScriptableObject> () (at Library/PackageCache/com.microsoft.mixedreality.toolkit.foundation@42da995b28d5-1641373384214/Core/Extensions/EditorClassExtensions/ScriptableObjectExtensions.cs:65)
Microsoft.MixedReality.Toolkit.Editor.SceneInfoUtils:RefreshSceneInfoFieldsInScriptableObjects () (at Library/PackageCache/com.microsoft.mixedreality.toolkit.foundation@42da995b28d5-1641373384214/Core/Inspectors/PropertyDrawers/SceneInfoUtils.cs:298)
Microsoft.MixedReality.Toolkit.Editor.SceneInfoUtils:InitializeOnLoad () (at Library/PackageCache/com.microsoft.mixedreality.toolkit.foundation@42da995b28d5-1641373384214/Core/Inspectors/PropertyDrawers/SceneInfoUtils.cs:231)

[Library/PackageCache/com.microsoft.mixedreality.toolkit.foundation@42da995b28d5-1641373384214/Core/Extensions/EditorClassExtensions/ScriptableObjectExtensions.cs line 65]

Invalid serialized file header. File: "VirtualArtifacts/Primary/fea29429b97dbb14b97820f56c74060a".
UnityEngine.StackTraceUtility:ExtractStackTrace ()
UnityEditor.AssetDatabase:LoadAssetAtPath<UnityEngine.ScriptableObject> (string)
Microsoft.MixedReality.Toolkit.Editor.ScriptableObjectExtensions:GetAllInstances<UnityEngine.ScriptableObject> () (at Library/PackageCache/com.microsoft.mixedreality.toolkit.foundation@42da995b28d5-1641373384214/Core/Extensions/EditorClassExtensions/ScriptableObjectExtensions.cs:65)
Microsoft.MixedReality.Toolkit.Editor.SceneInfoUtils:RefreshSceneInfoFieldsInScriptableObjects () (at Library/PackageCache/com.microsoft.mixedreality.toolkit.foundation@42da995b28d5-1641373384214/Core/Inspectors/PropertyDrawers/SceneInfoUtils.cs:298)
Microsoft.MixedReality.Toolkit.Editor.SceneInfoUtils:InitializeOnLoad () (at Library/PackageCache/com.microsoft.mixedreality.toolkit.foundation@42da995b28d5-1641373384214/Core/Inspectors/PropertyDrawers/SceneInfoUtils.cs:231)

[Library/PackageCache/com.microsoft.mixedreality.toolkit.foundation@42da995b28d5-1641373384214/Core/Extensions/EditorClassExtensions/ScriptableObjectExtensions.cs line 65]

Invalid serialized file header. File: "VirtualArtifacts/Primary/fea29429b97dbb14b97820f56c74060a".
UnityEngine.StackTraceUtility:ExtractStackTrace ()
UnityEditor.AssetDatabase:LoadAssetAtPath<UnityEngine.ScriptableObject> (string)
Microsoft.MixedReality.Toolkit.Editor.ScriptableObjectExtensions:GetAllInstances<UnityEngine.ScriptableObject> () (at Library/PackageCache/com.microsoft.mixedreality.toolkit.foundation@42da995b28d5-1641373384214/Core/Extensions/EditorClassExtensions/ScriptableObjectExtensions.cs:65)
Microsoft.MixedReality.Toolkit.Editor.SceneInfoUtils:RefreshSceneInfoFieldsInScriptableObjects () (at Library/PackageCache/com.microsoft.mixedreality.toolkit.foundation@42da995b28d5-1641373384214/Core/Inspectors/PropertyDrawers/SceneInfoUtils.cs:298)
Microsoft.MixedReality.Toolkit.Editor.SceneInfoUtils:InitializeOnLoad () (at Library/PackageCache/com.microsoft.mixedreality.toolkit.foundation@42da995b28d5-1641373384214/Core/Inspectors/PropertyDrawers/SceneInfoUtils.cs:231)

[Library/PackageCache/com.microsoft.mixedreality.toolkit.foundation@42da995b28d5-1641373384214/Core/Extensions/EditorClassExtensions/ScriptableObjectExtensions.cs line 65]

Invalid serialized file header. File: "VirtualArtifacts/Primary/fea29429b97dbb14b97820f56c74060a".
UnityEngine.StackTraceUtility:ExtractStackTrace ()
UnityEditor.AssetDatabase:LoadAssetAtPath<UnityEngine.ScriptableObject> (string)
Microsoft.MixedReality.Toolkit.Editor.ScriptableObjectExtensions:GetAllInstances<UnityEngine.ScriptableObject> () (at Library/PackageCache/com.microsoft.mixedreality.toolkit.foundation@42da995b28d5-1641373384214/Core/Extensions/EditorClassExtensions/ScriptableObjectExtensions.cs:65)
Microsoft.MixedReality.Toolkit.Editor.SceneInfoUtils:RefreshSceneInfoFieldsInScriptableObjects () (at Library/PackageCache/com.microsoft.mixedreality.toolkit.foundation@42da995b28d5-1641373384214/Core/Inspectors/PropertyDrawers/SceneInfoUtils.cs:298)
Microsoft.MixedReality.Toolkit.Editor.SceneInfoUtils:InitializeOnLoad () (at Library/PackageCache/com.microsoft.mixedreality.toolkit.foundation@42da995b28d5-1641373384214/Core/Inspectors/PropertyDrawers/SceneInfoUtils.cs:231)

[Library/PackageCache/com.microsoft.mixedreality.toolkit.foundation@42da995b28d5-1641373384214/Core/Extensions/EditorClassExtensions/ScriptableObjectExtensions.cs line 65]

Invalid serialized file header. File: "VirtualArtifacts/Primary/fea29429b97dbb14b97820f56c74060a".
UnityEngine.StackTraceUtility:ExtractStackTrace ()
UnityEditor.AssetDatabase:LoadAssetAtPath<UnityEngine.ScriptableObject> (string)
Microsoft.MixedReality.Toolkit.Editor.ScriptableObjectExtensions:GetAllInstances<UnityEngine.ScriptableObject> () (at Library/PackageCache/com.microsoft.mixedreality.toolkit.foundation@42da995b28d5-1641373384214/Core/Extensions/EditorClassExtensions/ScriptableObjectExtensions.cs:65)
Microsoft.MixedReality.Toolkit.Editor.SceneInfoUtils:RefreshSceneInfoFieldsInScriptableObjects () (at Library/PackageCache/com.microsoft.mixedreality.toolkit.foundation@42da995b28d5-1641373384214/Core/Inspectors/PropertyDrawers/SceneInfoUtils.cs:298)
Microsoft.MixedReality.Toolkit.Editor.SceneInfoUtils:InitializeOnLoad () (at Library/PackageCache/com.microsoft.mixedreality.toolkit.foundation@42da995b28d5-1641373384214/Core/Inspectors/PropertyDrawers/SceneInfoUtils.cs:231)

[Library/PackageCache/com.microsoft.mixedreality.toolkit.foundation@42da995b28d5-1641373384214/Core/Extensions/EditorClassExtensions/ScriptableObjectExtensions.cs line 65]

Invalid serialized file header. File: "VirtualArtifacts/Primary/f0bb9fb635c69be4e8526b0fb6b48f39".
UnityEngine.StackTraceUtility:ExtractStackTrace ()
UnityEditor.AssetDatabase:LoadAssetAtPath<UnityEngine.ScriptableObject> (string)
Microsoft.MixedReality.Toolkit.Editor.ScriptableObjectExtensions:GetAllInstances<UnityEngine.ScriptableObject> () (at Library/PackageCache/com.microsoft.mixedreality.toolkit.foundation@42da995b28d5-1641373384214/Core/Extensions/EditorClassExtensions/ScriptableObjectExtensions.cs:65)
Microsoft.MixedReality.Toolkit.Editor.SceneInfoUtils:RefreshSceneInfoFieldsInScriptableObjects () (at Library/PackageCache/com.microsoft.mixedreality.toolkit.foundation@42da995b28d5-1641373384214/Core/Inspectors/PropertyDrawers/SceneInfoUtils.cs:298)
Microsoft.MixedReality.Toolkit.Editor.SceneInfoUtils:InitializeOnLoad () (at Library/PackageCache/com.microsoft.mixedreality.toolkit.foundation@42da995b28d5-1641373384214/Core/Inspectors/PropertyDrawers/SceneInfoUtils.cs:231)

[Library/PackageCache/com.microsoft.mixedreality.toolkit.foundation@42da995b28d5-1641373384214/Core/Extensions/EditorClassExtensions/ScriptableObjectExtensions.cs line 65]

Unknown error occurred while loading 'Library/Artifacts/6c/6ccf072abbde0b2255b402bcabb573d4'.
UnityEngine.StackTraceUtility:ExtractStackTrace ()
UnityEditor.AssetDatabase:LoadAssetAtPath<UnityEngine.ScriptableObject> (string)
Microsoft.MixedReality.Toolkit.Editor.ScriptableObjectExtensions:GetAllInstances<UnityEngine.ScriptableObject> () (at Library/PackageCache/com.microsoft.mixedreality.toolkit.foundation@42da995b28d5-1641373384214/Core/Extensions/EditorClassExtensions/ScriptableObjectExtensions.cs:65)
Microsoft.MixedReality.Toolkit.Editor.SceneInfoUtils:RefreshSceneInfoFieldsInScriptableObjects () (at Library/PackageCache/com.microsoft.mixedreality.toolkit.foundation@42da995b28d5-1641373384214/Core/Inspectors/PropertyDrawers/SceneInfoUtils.cs:298)
Microsoft.MixedReality.Toolkit.Editor.SceneInfoUtils:InitializeOnLoad () (at Library/PackageCache/com.microsoft.mixedreality.toolkit.foundation@42da995b28d5-1641373384214/Core/Inspectors/PropertyDrawers/SceneInfoUtils.cs:231)

[Library/PackageCache/com.microsoft.mixedreality.toolkit.foundation@42da995b28d5-1641373384214/Core/Extensions/EditorClassExtensions/ScriptableObjectExtensions.cs line 65]

Invalid serialized file header. File: "VirtualArtifacts/Primary/f0bb9fb635c69be4e8526b0fb6b48f39".
UnityEngine.StackTraceUtility:ExtractStackTrace ()
UnityEditor.AssetDatabase:LoadAssetAtPath<UnityEngine.ScriptableObject> (string)
Microsoft.MixedReality.Toolkit.Editor.ScriptableObjectExtensions:GetAllInstances<UnityEngine.ScriptableObject> () (at Library/PackageCache/com.microsoft.mixedreality.toolkit.foundation@42da995b28d5-1641373384214/Core/Extensions/EditorClassExtensions/ScriptableObjectExtensions.cs:65)
Microsoft.MixedReality.Toolkit.Editor.SceneInfoUtils:RefreshSceneInfoFieldsInScriptableObjects () (at Library/PackageCache/com.microsoft.mixedreality.toolkit.foundation@42da995b28d5-1641373384214/Core/Inspectors/PropertyDrawers/SceneInfoUtils.cs:298)
Microsoft.MixedReality.Toolkit.Editor.SceneInfoUtils:InitializeOnLoad () (at Library/PackageCache/com.microsoft.mixedreality.toolkit.foundation@42da995b28d5-1641373384214/Core/Inspectors/PropertyDrawers/SceneInfoUtils.cs:231)

[Library/PackageCache/com.microsoft.mixedreality.toolkit.foundation@42da995b28d5-1641373384214/Core/Extensions/EditorClassExtensions/ScriptableObjectExtensions.cs line 65]

Invalid serialized file header. File: "VirtualArtifacts/Primary/f0bb9fb635c69be4e8526b0fb6b48f39".
UnityEngine.StackTraceUtility:ExtractStackTrace ()
UnityEditor.AssetDatabase:LoadAssetAtPath<UnityEngine.ScriptableObject> (string)
Microsoft.MixedReality.Toolkit.Editor.ScriptableObjectExtensions:GetAllInstances<UnityEngine.ScriptableObject> () (at Library/PackageCache/com.microsoft.mixedreality.toolkit.foundation@42da995b28d5-1641373384214/Core/Extensions/EditorClassExtensions/ScriptableObjectExtensions.cs:65)
Microsoft.MixedReality.Toolkit.Editor.SceneInfoUtils:RefreshSceneInfoFieldsInScriptableObjects () (at Library/PackageCache/com.microsoft.mixedreality.toolkit.foundation@42da995b28d5-1641373384214/Core/Inspectors/PropertyDrawers/SceneInfoUtils.cs:298)
Microsoft.MixedReality.Toolkit.Editor.SceneInfoUtils:InitializeOnLoad () (at Library/PackageCache/com.microsoft.mixedreality.toolkit.foundation@42da995b28d5-1641373384214/Core/Inspectors/PropertyDrawers/SceneInfoUtils.cs:231)

[Library/PackageCache/com.microsoft.mixedreality.toolkit.foundation@42da995b28d5-1641373384214/Core/Extensions/EditorClassExtensions/ScriptableObjectExtensions.cs line 65]

Invalid serialized file header. File: "VirtualArtifacts/Primary/f0bb9fb635c69be4e8526b0fb6b48f39".
UnityEngine.StackTraceUtility:ExtractStackTrace ()
UnityEditor.AssetDatabase:LoadAssetAtPath<UnityEngine.ScriptableObject> (string)
Microsoft.MixedReality.Toolkit.Editor.ScriptableObjectExtensions:GetAllInstances<UnityEngine.ScriptableObject> () (at Library/PackageCache/com.microsoft.mixedreality.toolkit.foundation@42da995b28d5-1641373384214/Core/Extensions/EditorClassExtensions/ScriptableObjectExtensions.cs:65)
Microsoft.MixedReality.Toolkit.Editor.SceneInfoUtils:RefreshSceneInfoFieldsInScriptableObjects () (at Library/PackageCache/com.microsoft.mixedreality.toolkit.foundation@42da995b28d5-1641373384214/Core/Inspectors/PropertyDrawers/SceneInfoUtils.cs:298)
Microsoft.MixedReality.Toolkit.Editor.SceneInfoUtils:InitializeOnLoad () (at Library/PackageCache/com.microsoft.mixedreality.toolkit.foundation@42da995b28d5-1641373384214/Core/Inspectors/PropertyDrawers/SceneInfoUtils.cs:231)

[Library/PackageCache/com.microsoft.mixedreality.toolkit.foundation@42da995b28d5-1641373384214/Core/Extensions/EditorClassExtensions/ScriptableObjectExtensions.cs line 65]

Invalid serialized file header. File: "VirtualArtifacts/Primary/f0bb9fb635c69be4e8526b0fb6b48f39".
UnityEngine.StackTraceUtility:ExtractStackTrace ()
UnityEditor.AssetDatabase:LoadAssetAtPath<UnityEngine.ScriptableObject> (string)
Microsoft.MixedReality.Toolkit.Editor.ScriptableObjectExtensions:GetAllInstances<UnityEngine.ScriptableObject> () (at Library/PackageCache/com.microsoft.mixedreality.toolkit.foundation@42da995b28d5-1641373384214/Core/Extensions/EditorClassExtensions/ScriptableObjectExtensions.cs:65)
Microsoft.MixedReality.Toolkit.Editor.SceneInfoUtils:RefreshSceneInfoFieldsInScriptableObjects () (at Library/PackageCache/com.microsoft.mixedreality.toolkit.foundation@42da995b28d5-1641373384214/Core/Inspectors/PropertyDrawers/SceneInfoUtils.cs:298)
Microsoft.MixedReality.Toolkit.Editor.SceneInfoUtils:InitializeOnLoad () (at Library/PackageCache/com.microsoft.mixedreality.toolkit.foundation@42da995b28d5-1641373384214/Core/Inspectors/PropertyDrawers/SceneInfoUtils.cs:231)

[Library/PackageCache/com.microsoft.mixedreality.toolkit.foundation@42da995b28d5-1641373384214/Core/Extensions/EditorClassExtensions/ScriptableObjectExtensions.cs line 65]

Invalid serialized file header. File: "VirtualArtifacts/Primary/f0bb9fb635c69be4e8526b0fb6b48f39".
UnityEngine.StackTraceUtility:ExtractStackTrace ()
UnityEditor.AssetDatabase:LoadAssetAtPath<UnityEngine.ScriptableObject> (string)
Microsoft.MixedReality.Toolkit.Editor.ScriptableObjectExtensions:GetAllInstances<UnityEngine.ScriptableObject> () (at Library/PackageCache/com.microsoft.mixedreality.toolkit.foundation@42da995b28d5-1641373384214/Core/Extensions/EditorClassExtensions/ScriptableObjectExtensions.cs:65)
Microsoft.MixedReality.Toolkit.Editor.SceneInfoUtils:RefreshSceneInfoFieldsInScriptableObjects () (at Library/PackageCache/com.microsoft.mixedreality.toolkit.foundation@42da995b28d5-1641373384214/Core/Inspectors/PropertyDrawers/SceneInfoUtils.cs:298)
Microsoft.MixedReality.Toolkit.Editor.SceneInfoUtils:InitializeOnLoad () (at Library/PackageCache/com.microsoft.mixedreality.toolkit.foundation@42da995b28d5-1641373384214/Core/Inspectors/PropertyDrawers/SceneInfoUtils.cs:231)

[Library/PackageCache/com.microsoft.mixedreality.toolkit.foundation@42da995b28d5-1641373384214/Core/Extensions/EditorClassExtensions/ScriptableObjectExtensions.cs line 65]

Invalid serialized file header. File: "VirtualArtifacts/Primary/f0bb9fb635c69be4e8526b0fb6b48f39".
UnityEngine.StackTraceUtility:ExtractStackTrace ()
UnityEditor.AssetDatabase:LoadAssetAtPath<UnityEngine.ScriptableObject> (string)
Microsoft.MixedReality.Toolkit.Editor.ScriptableObjectExtensions:GetAllInstances<UnityEngine.ScriptableObject> () (at Library/PackageCache/com.microsoft.mixedreality.toolkit.foundation@42da995b28d5-1641373384214/Core/Extensions/EditorClassExtensions/ScriptableObjectExtensions.cs:65)
Microsoft.MixedReality.Toolkit.Editor.SceneInfoUtils:RefreshSceneInfoFieldsInScriptableObjects () (at Library/PackageCache/com.microsoft.mixedreality.toolkit.foundation@42da995b28d5-1641373384214/Core/Inspectors/PropertyDrawers/SceneInfoUtils.cs:298)
Microsoft.MixedReality.Toolkit.Editor.SceneInfoUtils:InitializeOnLoad () (at Library/PackageCache/com.microsoft.mixedreality.toolkit.foundation@42da995b28d5-1641373384214/Core/Inspectors/PropertyDrawers/SceneInfoUtils.cs:231)

[Library/PackageCache/com.microsoft.mixedreality.toolkit.foundation@42da995b28d5-1641373384214/Core/Extensions/EditorClassExtensions/ScriptableObjectExtensions.cs line 65]

[XR] Error loading subsystem: Display (1) (header mismatch?)
[XR] [MROpenXR][Info   ][10:03:04.810806][tid:6a8] MeshProvider_RegisterLifecycleProvider
[XR] [MROpenXR][Info   ][10:03:04.810902][tid:6a8] InputProvider_RegisterLifeCycleProvider
[XR] [MROpenXR][Info   ][10:03:04.811622][tid:6a8] MicrosoftOpenXRPlugin_SetPluginEnvironment unityVersion=2020.3.7f1
[XR] [MROpenXR][Info   ][10:03:04.812196][tid:6a8] MicrosoftOpenXRPlugin_SetPluginEnvironment openXRPluginVersion=1.3.1
[XR] [MROpenXR][Info   ][10:03:04.812251][tid:6a8] MicrosoftOpenXRPlugin_SetPluginEnvironment mrOpenXRPluginVersion=1.2.1.0
[XR] [MROpenXR][Info   ][10:03:04.812330][tid:6a8] OnPluginStarted UnityVersion=2020.3.7f1 OpenXRPluginVersion=1.3.1 MROpenXRPluginVersion=1.2.1.0 PartA_PrivTags=33554432
Error when attempting to update scene info fields. Scene info data may be stale.
UnityEngine.StackTraceUtility:ExtractStackTrace ()
UnityEngine.DebugLogHandler:LogFormat (UnityEngine.LogType,UnityEngine.Object,string,object[])
UnityEngine.Logger:Log (UnityEngine.LogType,object)
UnityEngine.Debug:LogWarning (object)
Microsoft.MixedReality.Toolkit.Editor.SceneInfoUtils:RefreshSceneInfoFieldsInScriptableObjects () (at Library/PackageCache/com.microsoft.mixedreality.toolkit.foundation@42da995b28d5-1641373384214/Core/Inspectors/PropertyDrawers/SceneInfoUtils.cs:313)
Microsoft.MixedReality.Toolkit.Editor.SceneInfoUtils:InitializeOnLoad () (at Library/PackageCache/com.microsoft.mixedreality.toolkit.foundation@42da995b28d5-1641373384214/Core/Inspectors/PropertyDrawers/SceneInfoUtils.cs:231)

(Filename: Library/PackageCache/com.microsoft.mixedreality.toolkit.foundation@42da995b28d5-1641373384214/Core/Inspectors/PropertyDrawers/SceneInfoUtils.cs Line: 313)

Mono: successfully reloaded assembly
- Completed reload, in  3.986 seconds
Platform modules already initialized, skipping
========================================================================
Worker process is ready to serve import requests
Launched and connected shader compiler UnityShaderCompiler.exe after 0.23 seconds
Refreshing native plugins compatible for Editor in 1.25 ms, found 15 plugins.
Preloading 0 native plugins for Editor in 0.00 ms.
Unloading 3962 Unused Serialized files (Serialized files now loaded: 0)
System memory in use before: 163.6 MB.
System memory in use after: 162.6 MB.

Unloading 823 unused Assets to reduce memory usage. Loaded Objects now: 4165.
Total: 4.462500 ms (FindLiveObjects: 0.738000 ms CreateObjectMapping: 0.389800 ms MarkObjects: 2.722900 ms  DeleteObjects: 0.610400 ms)

========================================================================
Received Import Request.
  path: Assets/Scenes/Spaghetti.unity
  artifactKey: Guid(5d887eb334c62674ba9e3f6eb8b64baa) Importer(815301076,1909f56bfc062723c751e8b465ee728b)
Start importing Assets/Scenes/Spaghetti.unity using Guid(5d887eb334c62674ba9e3f6eb8b64baa) Importer(815301076,1909f56bfc062723c751e8b465ee728b)  -> (artifact id: '6218651211b53435684e5b32639c2ca8') in 0.066564 seconds
  Import took 0.072114 seconds .

========================================================================
Received Prepare
Registering precompiled user dll's ...
Registered in 0.053312 seconds.
Begin MonoManager ReloadAssembly
Native extension for WindowsStandalone target not found
Native extension for WebGL target not found
Refreshing native plugins compatible for Editor in 3.10 ms, found 15 plugins.
Preloading 0 native plugins for Editor in 0.00 ms.
System.IO.DirectoryNotFoundException: Could not find a part of the path 'C:\Users\acer\Documents\GitHub Projects\Spaghetti Project\Spaghetti-Recipe-Tutorial\Library\PackageCache\com.microsoft.mixedreality.toolkit.examples@5dd0110f4522-1641373384163\Samples~\Demos\EyeTracking\DemoScrollPanZoom\Scripts\BaseClasses'.
  at System.IO.__Error.WinIOError (System.Int32 errorCode, System.String maybeFullPath) [0x000f7] in <695d1cc93cca45069c528c15c9fdd749>:0 
  at System.IO.FileSystemEnumerableIterator`1[TSource].HandleError (System.Int32 hr, System.String path) [0x00006] in <695d1cc93cca45069c528c15c9fdd749>:0 
  at System.IO.FileSystemEnumerableIterator`1[TSource].CommonInit () [0x00054] in <695d1cc93cca45069c528c15c9fdd749>:0 
  at System.IO.FileSystemEnumerableIterator`1[TSource]..ctor (System.String path, System.String originalUserPath, System.String searchPattern, System.IO.SearchOption searchOption, System.IO.SearchResultHandler`1[TSource] resultHandler, System.Boolean checkHost) [0x000d6] in <695d1cc93cca45069c528c15c9fdd749>:0 
  at System.IO.FileSystemEnumerableFactory.CreateFileNameIterator (System.String path, System.String originalUserPath, System.String searchPattern, System.Boolean includeFiles, System.Boolean includeDirs, System.IO.SearchOption searchOption, System.Boolean checkHost) [0x00009] in <695d1cc93cca45069c528c15c9fdd749>:0 
  at System.IO.Directory.InternalGetFileDirectoryNames (System.String path, System.String userPathOriginal, System.String searchPattern, System.Boolean includeFiles, System.Boolean includeDirs, System.IO.SearchOption searchOption, System.Boolean checkHost) [0x00000] in <695d1cc93cca45069c528c15c9fdd749>:0 
  at System.IO.Directory.InternalGetFiles (System.String path, System.String searchPattern, System.IO.SearchOption searchOption) [0x00000] in <695d1cc93cca45069c528c15c9fdd749>:0 
  at System.IO.Directory.GetFiles (System.String path, System.String searchPattern) [0x0001c] in <695d1cc93cca45069c528c15c9fdd749>:0 
  at System.IO.DirectoryInfo.GetFiles (System.String searchPattern) [0x0000e] in <695d1cc93cca45069c528c15c9fdd749>:0 
  at System.IO.DirectoryInfo.GetFilesSubdirs (System.Collections.ArrayList l, System.String pattern) [0x00002] in <695d1cc93cca45069c528c15c9fdd749>:0 
  at (wrapper remoting-invoke-with-check) System.IO.DirectoryInfo.GetFilesSubdirs(System.Collections.ArrayList,string)
  at System.IO.DirectoryInfo.GetFilesSubdirs (System.Collections.ArrayList l, System.String pattern) [0x0002f] in <695d1cc93cca45069c528c15c9fdd749>:0 
  at (wrapper remoting-invoke-with-check) System.IO.DirectoryInfo.GetFilesSubdirs(System.Collections.ArrayList,string)
  at System.IO.DirectoryInfo.GetFilesSubdirs (System.Collections.ArrayList l, System.String pattern) [0x0002f] in <695d1cc93cca45069c528c15c9fdd749>:0 
  at (wrapper remoting-invoke-with-check) System.IO.DirectoryInfo.GetFilesSubdirs(System.Collections.ArrayList,string)
  at System.IO.DirectoryInfo.GetFilesSubdirs (System.Collections.ArrayList l, System.String pattern) [0x0002f] in <695d1cc93cca45069c528c15c9fdd749>:0 
  at (wrapper remoting-invoke-with-check) System.IO.DirectoryInfo.GetFilesSubdirs(System.Collections.ArrayList,string)
  at System.IO.DirectoryInfo.GetFilesSubdirs (System.Collections.ArrayList l, System.String pattern) [0x0002f] in <695d1cc93cca45069c528c15c9fdd749>:0 
  at (wrapper remoting-invoke-with-check) System.IO.DirectoryInfo.GetFilesSubdirs(System.Collections.ArrayList,string)
  at System.IO.DirectoryInfo.GetFilesSubdirs (System.Collections.ArrayList l, System.String pattern) [0x0002f] in <695d1cc93cca45069c528c15c9fdd749>:0 
  at (wrapper remoting-invoke-with-check) System.IO.DirectoryInfo.GetFilesSubdirs(System.Collections.ArrayList,string)
  at System.IO.DirectoryInfo.GetFilesSubdirs (System.Collections.ArrayList l, System.String pattern) [0x0002f] in <695d1cc93cca45069c528c15c9fdd749>:0 
  at (wrapper remoting-invoke-with-check) System.IO.DirectoryInfo.GetFilesSubdirs(System.Collections.ArrayList,string)
  at System.IO.DirectoryInfo.GetFilesSubdirs (System.Collections.ArrayList l, System.String pattern) [0x0002f] in <695d1cc93cca45069c528c15c9fdd749>:0 
  at System.IO.DirectoryInfo.GetFiles (System.String searchPattern, System.IO.SearchOption searchOption) [0x00017] in <695d1cc93cca45069c528c15c9fdd749>:0 
  at (wrapper remoting-invoke-with-check) System.IO.DirectoryInfo.GetFiles(string,System.IO.SearchOption)
  at Microsoft.MixedReality.Toolkit.Utilities.Editor.OnLoadUtilities.FindShaderFolderInPackage () [0x0004c] in C:\Users\acer\Documents\GitHub Projects\Spaghetti Project\Spaghetti-Recipe-Tutorial\Library\PackageCache\com.microsoft.mixedreality.toolkit.standardassets@07b562b040b9-1641373384239\EditorUtilities\OnLoadUtilities.cs:152 
  at Microsoft.MixedReality.Toolkit.Utilities.Editor.OnLoadUtilities.EnsureShaders (System.Boolean bypassIgnore) [0x00000] in C:\Users\acer\Documents\GitHub Projects\Spaghetti Project\Spaghetti-Recipe-Tutorial\Library\PackageCache\com.microsoft.mixedreality.toolkit.standardassets@07b562b040b9-1641373384239\EditorUtilities\OnLoadUtilities.cs:42 
  at Microsoft.MixedReality.Toolkit.Utilities.Editor.OnLoadUtilities..cctor () [0x00000] in C:\Users\acer\Documents\GitHub Projects\Spaghetti Project\Spaghetti-Recipe-Tutorial\Library\PackageCache\com.microsoft.mixedreality.toolkit.standardassets@07b562b040b9-1641373384239\EditorUtilities\OnLoadUtilities.cs:23 
UnityEngine.StackTraceUtility:ExtractStackTrace ()
UnityEngine.DebugLogHandler:LogFormat (UnityEngine.LogType,UnityEngine.Object,string,object[])
UnityEngine.Logger:Log (UnityEngine.LogType,object)
UnityEngine.Debug:LogError (object)
UnityEditor.EditorAssemblies:ProcessInitializeOnLoadAttributes (System.Type[])

Invalid serialized file header. File: "VirtualArtifacts/Primary/69c7e3c117890dc4eaf92659b4fa5348".
UnityEngine.StackTraceUtility:ExtractStackTrace ()
UnityEditor.AssetDatabase:LoadAssetAtPath<UnityEngine.ScriptableObject> (string)
Microsoft.MixedReality.Toolkit.Editor.ScriptableObjectExtensions:GetAllInstances<UnityEngine.ScriptableObject> () (at Library/PackageCache/com.microsoft.mixedreality.toolkit.foundation@42da995b28d5-1641373384214/Core/Extensions/EditorClassExtensions/ScriptableObjectExtensions.cs:65)
Microsoft.MixedReality.Toolkit.Editor.SceneInfoUtils:RefreshSceneInfoFieldsInScriptableObjects () (at Library/PackageCache/com.microsoft.mixedreality.toolkit.foundation@42da995b28d5-1641373384214/Core/Inspectors/PropertyDrawers/SceneInfoUtils.cs:298)
Microsoft.MixedReality.Toolkit.Editor.SceneInfoUtils:InitializeOnLoad () (at Library/PackageCache/com.microsoft.mixedreality.toolkit.foundation@42da995b28d5-1641373384214/Core/Inspectors/PropertyDrawers/SceneInfoUtils.cs:231)

[Library/PackageCache/com.microsoft.mixedreality.toolkit.foundation@42da995b28d5-1641373384214/Core/Extensions/EditorClassExtensions/ScriptableObjectExtensions.cs line 65]

Invalid serialized file header. File: "VirtualArtifacts/Primary/69c7e3c117890dc4eaf92659b4fa5348".
UnityEngine.StackTraceUtility:ExtractStackTrace ()
UnityEditor.AssetDatabase:LoadAssetAtPath<UnityEngine.ScriptableObject> (string)
Microsoft.MixedReality.Toolkit.Editor.ScriptableObjectExtensions:GetAllInstances<UnityEngine.ScriptableObject> () (at Library/PackageCache/com.microsoft.mixedreality.toolkit.foundation@42da995b28d5-1641373384214/Core/Extensions/EditorClassExtensions/ScriptableObjectExtensions.cs:65)
Microsoft.MixedReality.Toolkit.Editor.SceneInfoUtils:RefreshSceneInfoFieldsInScriptableObjects () (at Library/PackageCache/com.microsoft.mixedreality.toolkit.foundation@42da995b28d5-1641373384214/Core/Inspectors/PropertyDrawers/SceneInfoUtils.cs:298)
Microsoft.MixedReality.Toolkit.Editor.SceneInfoUtils:InitializeOnLoad () (at Library/PackageCache/com.microsoft.mixedreality.toolkit.foundation@42da995b28d5-1641373384214/Core/Inspectors/PropertyDrawers/SceneInfoUtils.cs:231)

[Library/PackageCache/com.microsoft.mixedreality.toolkit.foundation@42da995b28d5-1641373384214/Core/Extensions/EditorClassExtensions/ScriptableObjectExtensions.cs line 65]

Invalid serialized file header. File: "VirtualArtifacts/Primary/69c7e3c117890dc4eaf92659b4fa5348".
UnityEngine.StackTraceUtility:ExtractStackTrace ()
UnityEditor.AssetDatabase:LoadAssetAtPath<UnityEngine.ScriptableObject> (string)
Microsoft.MixedReality.Toolkit.Editor.ScriptableObjectExtensions:GetAllInstances<UnityEngine.ScriptableObject> () (at Library/PackageCache/com.microsoft.mixedreality.toolkit.foundation@42da995b28d5-1641373384214/Core/Extensions/EditorClassExtensions/ScriptableObjectExtensions.cs:65)
Microsoft.MixedReality.Toolkit.Editor.SceneInfoUtils:RefreshSceneInfoFieldsInScriptableObjects () (at Library/PackageCache/com.microsoft.mixedreality.toolkit.foundation@42da995b28d5-1641373384214/Core/Inspectors/PropertyDrawers/SceneInfoUtils.cs:298)
Microsoft.MixedReality.Toolkit.Editor.SceneInfoUtils:InitializeOnLoad () (at Library/PackageCache/com.microsoft.mixedreality.toolkit.foundation@42da995b28d5-1641373384214/Core/Inspectors/PropertyDrawers/SceneInfoUtils.cs:231)

[Library/PackageCache/com.microsoft.mixedreality.toolkit.foundation@42da995b28d5-1641373384214/Core/Extensions/EditorClassExtensions/ScriptableObjectExtensions.cs line 65]

Invalid serialized file header. File: "VirtualArtifacts/Primary/69c7e3c117890dc4eaf92659b4fa5348".
UnityEngine.StackTraceUtility:ExtractStackTrace ()
UnityEditor.AssetDatabase:LoadAssetAtPath<UnityEngine.ScriptableObject> (string)
Microsoft.MixedReality.Toolkit.Editor.ScriptableObjectExtensions:GetAllInstances<UnityEngine.ScriptableObject> () (at Library/PackageCache/com.microsoft.mixedreality.toolkit.foundation@42da995b28d5-1641373384214/Core/Extensions/EditorClassExtensions/ScriptableObjectExtensions.cs:65)
Microsoft.MixedReality.Toolkit.Editor.SceneInfoUtils:RefreshSceneInfoFieldsInScriptableObjects () (at Library/PackageCache/com.microsoft.mixedreality.toolkit.foundation@42da995b28d5-1641373384214/Core/Inspectors/PropertyDrawers/SceneInfoUtils.cs:298)
Microsoft.MixedReality.Toolkit.Editor.SceneInfoUtils:InitializeOnLoad () (at Library/PackageCache/com.microsoft.mixedreality.toolkit.foundation@42da995b28d5-1641373384214/Core/Inspectors/PropertyDrawers/SceneInfoUtils.cs:231)

[Library/PackageCache/com.microsoft.mixedreality.toolkit.foundation@42da995b28d5-1641373384214/Core/Extensions/EditorClassExtensions/ScriptableObjectExtensions.cs line 65]

Invalid serialized file header. File: "VirtualArtifacts/Primary/69c7e3c117890dc4eaf92659b4fa5348".
UnityEngine.StackTraceUtility:ExtractStackTrace ()
UnityEditor.AssetDatabase:LoadAssetAtPath<UnityEngine.ScriptableObject> (string)
Microsoft.MixedReality.Toolkit.Editor.ScriptableObjectExtensions:GetAllInstances<UnityEngine.ScriptableObject> () (at Library/PackageCache/com.microsoft.mixedreality.toolkit.foundation@42da995b28d5-1641373384214/Core/Extensions/EditorClassExtensions/ScriptableObjectExtensions.cs:65)
Microsoft.MixedReality.Toolkit.Editor.SceneInfoUtils:RefreshSceneInfoFieldsInScriptableObjects () (at Library/PackageCache/com.microsoft.mixedreality.toolkit.foundation@42da995b28d5-1641373384214/Core/Inspectors/PropertyDrawers/SceneInfoUtils.cs:298)
Microsoft.MixedReality.Toolkit.Editor.SceneInfoUtils:InitializeOnLoad () (at Library/PackageCache/com.microsoft.mixedreality.toolkit.foundation@42da995b28d5-1641373384214/Core/Inspectors/PropertyDrawers/SceneInfoUtils.cs:231)

[Library/PackageCache/com.microsoft.mixedreality.toolkit.foundation@42da995b28d5-1641373384214/Core/Extensions/EditorClassExtensions/ScriptableObjectExtensions.cs line 65]

Invalid serialized file header. File: "VirtualArtifacts/Primary/69c7e3c117890dc4eaf92659b4fa5348".
UnityEngine.StackTraceUtility:ExtractStackTrace ()
UnityEditor.AssetDatabase:LoadAssetAtPath<UnityEngine.ScriptableObject> (string)
Microsoft.MixedReality.Toolkit.Editor.ScriptableObjectExtensions:GetAllInstances<UnityEngine.ScriptableObject> () (at Library/PackageCache/com.microsoft.mixedreality.toolkit.foundation@42da995b28d5-1641373384214/Core/Extensions/EditorClassExtensions/ScriptableObjectExtensions.cs:65)
Microsoft.MixedReality.Toolkit.Editor.SceneInfoUtils:RefreshSceneInfoFieldsInScriptableObjects () (at Library/PackageCache/com.microsoft.mixedreality.toolkit.foundation@42da995b28d5-1641373384214/Core/Inspectors/PropertyDrawers/SceneInfoUtils.cs:298)
Microsoft.MixedReality.Toolkit.Editor.SceneInfoUtils:InitializeOnLoad () (at Library/PackageCache/com.microsoft.mixedreality.toolkit.foundation@42da995b28d5-1641373384214/Core/Inspectors/PropertyDrawers/SceneInfoUtils.cs:231)

[Library/PackageCache/com.microsoft.mixedreality.toolkit.foundation@42da995b28d5-1641373384214/Core/Extensions/EditorClassExtensions/ScriptableObjectExtensions.cs line 65]

Invalid serialized file header. File: "VirtualArtifacts/Primary/fea29429b97dbb14b97820f56c74060a".
UnityEngine.StackTraceUtility:ExtractStackTrace ()
UnityEditor.AssetDatabase:LoadAssetAtPath<UnityEngine.ScriptableObject> (string)
Microsoft.MixedReality.Toolkit.Editor.ScriptableObjectExtensions:GetAllInstances<UnityEngine.ScriptableObject> () (at Library/PackageCache/com.microsoft.mixedreality.toolkit.foundation@42da995b28d5-1641373384214/Core/Extensions/EditorClassExtensions/ScriptableObjectExtensions.cs:65)
Microsoft.MixedReality.Toolkit.Editor.SceneInfoUtils:RefreshSceneInfoFieldsInScriptableObjects () (at Library/PackageCache/com.microsoft.mixedreality.toolkit.foundation@42da995b28d5-1641373384214/Core/Inspectors/PropertyDrawers/SceneInfoUtils.cs:298)
Microsoft.MixedReality.Toolkit.Editor.SceneInfoUtils:InitializeOnLoad () (at Library/PackageCache/com.microsoft.mixedreality.toolkit.foundation@42da995b28d5-1641373384214/Core/Inspectors/PropertyDrawers/SceneInfoUtils.cs:231)

[Library/PackageCache/com.microsoft.mixedreality.toolkit.foundation@42da995b28d5-1641373384214/Core/Extensions/EditorClassExtensions/ScriptableObjectExtensions.cs line 65]

Invalid serialized file header. File: "VirtualArtifacts/Primary/fea29429b97dbb14b97820f56c74060a".
UnityEngine.StackTraceUtility:ExtractStackTrace ()
UnityEditor.AssetDatabase:LoadAssetAtPath<UnityEngine.ScriptableObject> (string)
Microsoft.MixedReality.Toolkit.Editor.ScriptableObjectExtensions:GetAllInstances<UnityEngine.ScriptableObject> () (at Library/PackageCache/com.microsoft.mixedreality.toolkit.foundation@42da995b28d5-1641373384214/Core/Extensions/EditorClassExtensions/ScriptableObjectExtensions.cs:65)
Microsoft.MixedReality.Toolkit.Editor.SceneInfoUtils:RefreshSceneInfoFieldsInScriptableObjects () (at Library/PackageCache/com.microsoft.mixedreality.toolkit.foundation@42da995b28d5-1641373384214/Core/Inspectors/PropertyDrawers/SceneInfoUtils.cs:298)
Microsoft.MixedReality.Toolkit.Editor.SceneInfoUtils:InitializeOnLoad () (at Library/PackageCache/com.microsoft.mixedreality.toolkit.foundation@42da995b28d5-1641373384214/Core/Inspectors/PropertyDrawers/SceneInfoUtils.cs:231)

[Library/PackageCache/com.microsoft.mixedreality.toolkit.foundation@42da995b28d5-1641373384214/Core/Extensions/EditorClassExtensions/ScriptableObjectExtensions.cs line 65]

Invalid serialized file header. File: "VirtualArtifacts/Primary/fea29429b97dbb14b97820f56c74060a".
UnityEngine.StackTraceUtility:ExtractStackTrace ()
UnityEditor.AssetDatabase:LoadAssetAtPath<UnityEngine.ScriptableObject> (string)
Microsoft.MixedReality.Toolkit.Editor.ScriptableObjectExtensions:GetAllInstances<UnityEngine.ScriptableObject> () (at Library/PackageCache/com.microsoft.mixedreality.toolkit.foundation@42da995b28d5-1641373384214/Core/Extensions/EditorClassExtensions/ScriptableObjectExtensions.cs:65)
Microsoft.MixedReality.Toolkit.Editor.SceneInfoUtils:RefreshSceneInfoFieldsInScriptableObjects () (at Library/PackageCache/com.microsoft.mixedreality.toolkit.foundation@42da995b28d5-1641373384214/Core/Inspectors/PropertyDrawers/SceneInfoUtils.cs:298)
Microsoft.MixedReality.Toolkit.Editor.SceneInfoUtils:InitializeOnLoad () (at Library/PackageCache/com.microsoft.mixedreality.toolkit.foundation@42da995b28d5-1641373384214/Core/Inspectors/PropertyDrawers/SceneInfoUtils.cs:231)

[Library/PackageCache/com.microsoft.mixedreality.toolkit.foundation@42da995b28d5-1641373384214/Core/Extensions/EditorClassExtensions/ScriptableObjectExtensions.cs line 65]

Invalid serialized file header. File: "VirtualArtifacts/Primary/fea29429b97dbb14b97820f56c74060a".
UnityEngine.StackTraceUtility:ExtractStackTrace ()
UnityEditor.AssetDatabase:LoadAssetAtPath<UnityEngine.ScriptableObject> (string)
Microsoft.MixedReality.Toolkit.Editor.ScriptableObjectExtensions:GetAllInstances<UnityEngine.ScriptableObject> () (at Library/PackageCache/com.microsoft.mixedreality.toolkit.foundation@42da995b28d5-1641373384214/Core/Extensions/EditorClassExtensions/ScriptableObjectExtensions.cs:65)
Microsoft.MixedReality.Toolkit.Editor.SceneInfoUtils:RefreshSceneInfoFieldsInScriptableObjects () (at Library/PackageCache/com.microsoft.mixedreality.toolkit.foundation@42da995b28d5-1641373384214/Core/Inspectors/PropertyDrawers/SceneInfoUtils.cs:298)
Microsoft.MixedReality.Toolkit.Editor.SceneInfoUtils:InitializeOnLoad () (at Library/PackageCache/com.microsoft.mixedreality.toolkit.foundation@42da995b28d5-1641373384214/Core/Inspectors/PropertyDrawers/SceneInfoUtils.cs:231)

[Library/PackageCache/com.microsoft.mixedreality.toolkit.foundation@42da995b28d5-1641373384214/Core/Extensions/EditorClassExtensions/ScriptableObjectExtensions.cs line 65]

Invalid serialized file header. File: "VirtualArtifacts/Primary/fea29429b97dbb14b97820f56c74060a".
UnityEngine.StackTraceUtility:ExtractStackTrace ()
UnityEditor.AssetDatabase:LoadAssetAtPath<UnityEngine.ScriptableObject> (string)
Microsoft.MixedReality.Toolkit.Editor.ScriptableObjectExtensions:GetAllInstances<UnityEngine.ScriptableObject> () (at Library/PackageCache/com.microsoft.mixedreality.toolkit.foundation@42da995b28d5-1641373384214/Core/Extensions/EditorClassExtensions/ScriptableObjectExtensions.cs:65)
Microsoft.MixedReality.Toolkit.Editor.SceneInfoUtils:RefreshSceneInfoFieldsInScriptableObjects () (at Library/PackageCache/com.microsoft.mixedreality.toolkit.foundation@42da995b28d5-1641373384214/Core/Inspectors/PropertyDrawers/SceneInfoUtils.cs:298)
Microsoft.MixedReality.Toolkit.Editor.SceneInfoUtils:InitializeOnLoad () (at Library/PackageCache/com.microsoft.mixedreality.toolkit.foundation@42da995b28d5-1641373384214/Core/Inspectors/PropertyDrawers/SceneInfoUtils.cs:231)

[Library/PackageCache/com.microsoft.mixedreality.toolkit.foundation@42da995b28d5-1641373384214/Core/Extensions/EditorClassExtensions/ScriptableObjectExtensions.cs line 65]

Invalid serialized file header. File: "VirtualArtifacts/Primary/fea29429b97dbb14b97820f56c74060a".
UnityEngine.StackTraceUtility:ExtractStackTrace ()
UnityEditor.AssetDatabase:LoadAssetAtPath<UnityEngine.ScriptableObject> (string)
Microsoft.MixedReality.Toolkit.Editor.ScriptableObjectExtensions:GetAllInstances<UnityEngine.ScriptableObject> () (at Library/PackageCache/com.microsoft.mixedreality.toolkit.foundation@42da995b28d5-1641373384214/Core/Extensions/EditorClassExtensions/ScriptableObjectExtensions.cs:65)
Microsoft.MixedReality.Toolkit.Editor.SceneInfoUtils:RefreshSceneInfoFieldsInScriptableObjects () (at Library/PackageCache/com.microsoft.mixedreality.toolkit.foundation@42da995b28d5-1641373384214/Core/Inspectors/PropertyDrawers/SceneInfoUtils.cs:298)
Microsoft.MixedReality.Toolkit.Editor.SceneInfoUtils:InitializeOnLoad () (at Library/PackageCache/com.microsoft.mixedreality.toolkit.foundation@42da995b28d5-1641373384214/Core/Inspectors/PropertyDrawers/SceneInfoUtils.cs:231)

[Library/PackageCache/com.microsoft.mixedreality.toolkit.foundation@42da995b28d5-1641373384214/Core/Extensions/EditorClassExtensions/ScriptableObjectExtensions.cs line 65]

Invalid serialized file header. File: "VirtualArtifacts/Primary/f0bb9fb635c69be4e8526b0fb6b48f39".
UnityEngine.StackTraceUtility:ExtractStackTrace ()
UnityEditor.AssetDatabase:LoadAssetAtPath<UnityEngine.ScriptableObject> (string)
Microsoft.MixedReality.Toolkit.Editor.ScriptableObjectExtensions:GetAllInstances<UnityEngine.ScriptableObject> () (at Library/PackageCache/com.microsoft.mixedreality.toolkit.foundation@42da995b28d5-1641373384214/Core/Extensions/EditorClassExtensions/ScriptableObjectExtensions.cs:65)
Microsoft.MixedReality.Toolkit.Editor.SceneInfoUtils:RefreshSceneInfoFieldsInScriptableObjects () (at Library/PackageCache/com.microsoft.mixedreality.toolkit.foundation@42da995b28d5-1641373384214/Core/Inspectors/PropertyDrawers/SceneInfoUtils.cs:298)
Microsoft.MixedReality.Toolkit.Editor.SceneInfoUtils:InitializeOnLoad () (at Library/PackageCache/com.microsoft.mixedreality.toolkit.foundation@42da995b28d5-1641373384214/Core/Inspectors/PropertyDrawers/SceneInfoUtils.cs:231)

[Library/PackageCache/com.microsoft.mixedreality.toolkit.foundation@42da995b28d5-1641373384214/Core/Extensions/EditorClassExtensions/ScriptableObjectExtensions.cs line 65]

Invalid serialized file header. File: "VirtualArtifacts/Primary/f0bb9fb635c69be4e8526b0fb6b48f39".
UnityEngine.StackTraceUtility:ExtractStackTrace ()
UnityEditor.AssetDatabase:LoadAssetAtPath<UnityEngine.ScriptableObject> (string)
Microsoft.MixedReality.Toolkit.Editor.ScriptableObjectExtensions:GetAllInstances<UnityEngine.ScriptableObject> () (at Library/PackageCache/com.microsoft.mixedreality.toolkit.foundation@42da995b28d5-1641373384214/Core/Extensions/EditorClassExtensions/ScriptableObjectExtensions.cs:65)
Microsoft.MixedReality.Toolkit.Editor.SceneInfoUtils:RefreshSceneInfoFieldsInScriptableObjects () (at Library/PackageCache/com.microsoft.mixedreality.toolkit.foundation@42da995b28d5-1641373384214/Core/Inspectors/PropertyDrawers/SceneInfoUtils.cs:298)
Microsoft.MixedReality.Toolkit.Editor.SceneInfoUtils:InitializeOnLoad () (at Library/PackageCache/com.microsoft.mixedreality.toolkit.foundation@42da995b28d5-1641373384214/Core/Inspectors/PropertyDrawers/SceneInfoUtils.cs:231)

[Library/PackageCache/com.microsoft.mixedreality.toolkit.foundation@42da995b28d5-1641373384214/Core/Extensions/EditorClassExtensions/ScriptableObjectExtensions.cs line 65]

Invalid serialized file header. File: "VirtualArtifacts/Primary/f0bb9fb635c69be4e8526b0fb6b48f39".
UnityEngine.StackTraceUtility:ExtractStackTrace ()
UnityEditor.AssetDatabase:LoadAssetAtPath<UnityEngine.ScriptableObject> (string)
Microsoft.MixedReality.Toolkit.Editor.ScriptableObjectExtensions:GetAllInstances<UnityEngine.ScriptableObject> () (at Library/PackageCache/com.microsoft.mixedreality.toolkit.foundation@42da995b28d5-1641373384214/Core/Extensions/EditorClassExtensions/ScriptableObjectExtensions.cs:65)
Microsoft.MixedReality.Toolkit.Editor.SceneInfoUtils:RefreshSceneInfoFieldsInScriptableObjects () (at Library/PackageCache/com.microsoft.mixedreality.toolkit.foundation@42da995b28d5-1641373384214/Core/Inspectors/PropertyDrawers/SceneInfoUtils.cs:298)
Microsoft.MixedReality.Toolkit.Editor.SceneInfoUtils:InitializeOnLoad () (at Library/PackageCache/com.microsoft.mixedreality.toolkit.foundation@42da995b28d5-1641373384214/Core/Inspectors/PropertyDrawers/SceneInfoUtils.cs:231)

[Library/PackageCache/com.microsoft.mixedreality.toolkit.foundation@42da995b28d5-1641373384214/Core/Extensions/EditorClassExtensions/ScriptableObjectExtensions.cs line 65]

Invalid serialized file header. File: "VirtualArtifacts/Primary/f0bb9fb635c69be4e8526b0fb6b48f39".
UnityEngine.StackTraceUtility:ExtractStackTrace ()
UnityEditor.AssetDatabase:LoadAssetAtPath<UnityEngine.ScriptableObject> (string)
Microsoft.MixedReality.Toolkit.Editor.ScriptableObjectExtensions:GetAllInstances<UnityEngine.ScriptableObject> () (at Library/PackageCache/com.microsoft.mixedreality.toolkit.foundation@42da995b28d5-1641373384214/Core/Extensions/EditorClassExtensions/ScriptableObjectExtensions.cs:65)
Microsoft.MixedReality.Toolkit.Editor.SceneInfoUtils:RefreshSceneInfoFieldsInScriptableObjects () (at Library/PackageCache/com.microsoft.mixedreality.toolkit.foundation@42da995b28d5-1641373384214/Core/Inspectors/PropertyDrawers/SceneInfoUtils.cs:298)
Microsoft.MixedReality.Toolkit.Editor.SceneInfoUtils:InitializeOnLoad () (at Library/PackageCache/com.microsoft.mixedreality.toolkit.foundation@42da995b28d5-1641373384214/Core/Inspectors/PropertyDrawers/SceneInfoUtils.cs:231)

[Library/PackageCache/com.microsoft.mixedreality.toolkit.foundation@42da995b28d5-1641373384214/Core/Extensions/EditorClassExtensions/ScriptableObjectExtensions.cs line 65]

Invalid serialized file header. File: "VirtualArtifacts/Primary/f0bb9fb635c69be4e8526b0fb6b48f39".
UnityEngine.StackTraceUtility:ExtractStackTrace ()
UnityEditor.AssetDatabase:LoadAssetAtPath<UnityEngine.ScriptableObject> (string)
Microsoft.MixedReality.Toolkit.Editor.ScriptableObjectExtensions:GetAllInstances<UnityEngine.ScriptableObject> () (at Library/PackageCache/com.microsoft.mixedreality.toolkit.foundation@42da995b28d5-1641373384214/Core/Extensions/EditorClassExtensions/ScriptableObjectExtensions.cs:65)
Microsoft.MixedReality.Toolkit.Editor.SceneInfoUtils:RefreshSceneInfoFieldsInScriptableObjects () (at Library/PackageCache/com.microsoft.mixedreality.toolkit.foundation@42da995b28d5-1641373384214/Core/Inspectors/PropertyDrawers/SceneInfoUtils.cs:298)
Microsoft.MixedReality.Toolkit.Editor.SceneInfoUtils:InitializeOnLoad () (at Library/PackageCache/com.microsoft.mixedreality.toolkit.foundation@42da995b28d5-1641373384214/Core/Inspectors/PropertyDrawers/SceneInfoUtils.cs:231)

[Library/PackageCache/com.microsoft.mixedreality.toolkit.foundation@42da995b28d5-1641373384214/Core/Extensions/EditorClassExtensions/ScriptableObjectExtensions.cs line 65]

Invalid serialized file header. File: "VirtualArtifacts/Primary/f0bb9fb635c69be4e8526b0fb6b48f39".
UnityEngine.StackTraceUtility:ExtractStackTrace ()
UnityEditor.AssetDatabase:LoadAssetAtPath<UnityEngine.ScriptableObject> (string)
Microsoft.MixedReality.Toolkit.Editor.ScriptableObjectExtensions:GetAllInstances<UnityEngine.ScriptableObject> () (at Library/PackageCache/com.microsoft.mixedreality.toolkit.foundation@42da995b28d5-1641373384214/Core/Extensions/EditorClassExtensions/ScriptableObjectExtensions.cs:65)
Microsoft.MixedReality.Toolkit.Editor.SceneInfoUtils:RefreshSceneInfoFieldsInScriptableObjects () (at Library/PackageCache/com.microsoft.mixedreality.toolkit.foundation@42da995b28d5-1641373384214/Core/Inspectors/PropertyDrawers/SceneInfoUtils.cs:298)
Microsoft.MixedReality.Toolkit.Editor.SceneInfoUtils:InitializeOnLoad () (at Library/PackageCache/com.microsoft.mixedreality.toolkit.foundation@42da995b28d5-1641373384214/Core/Inspectors/PropertyDrawers/SceneInfoUtils.cs:231)

[Library/PackageCache/com.microsoft.mixedreality.toolkit.foundation@42da995b28d5-1641373384214/Core/Extensions/EditorClassExtensions/ScriptableObjectExtensions.cs line 65]

Invalid serialized file header. File: "VirtualArtifacts/Primary/f0bb9fb635c69be4e8526b0fb6b48f39".
UnityEngine.StackTraceUtility:ExtractStackTrace ()
UnityEditor.AssetDatabase:LoadAssetAtPath<UnityEngine.ScriptableObject> (string)
Microsoft.MixedReality.Toolkit.Editor.ScriptableObjectExtensions:GetAllInstances<UnityEngine.ScriptableObject> () (at Library/PackageCache/com.microsoft.mixedreality.toolkit.foundation@42da995b28d5-1641373384214/Core/Extensions/EditorClassExtensions/ScriptableObjectExtensions.cs:65)
Microsoft.MixedReality.Toolkit.Editor.SceneInfoUtils:RefreshSceneInfoFieldsInScriptableObjects () (at Library/PackageCache/com.microsoft.mixedreality.toolkit.foundation@42da995b28d5-1641373384214/Core/Inspectors/PropertyDrawers/SceneInfoUtils.cs:298)
Microsoft.MixedReality.Toolkit.Editor.SceneInfoUtils:InitializeOnLoad () (at Library/PackageCache/com.microsoft.mixedreality.toolkit.foundation@42da995b28d5-1641373384214/Core/Inspectors/PropertyDrawers/SceneInfoUtils.cs:231)

[Library/PackageCache/com.microsoft.mixedreality.toolkit.foundation@42da995b28d5-1641373384214/Core/Extensions/EditorClassExtensions/ScriptableObjectExtensions.cs line 65]

Error when attempting to update scene info fields. Scene info data may be stale.
UnityEngine.StackTraceUtility:ExtractStackTrace ()
UnityEngine.DebugLogHandler:LogFormat (UnityEngine.LogType,UnityEngine.Object,string,object[])
UnityEngine.Logger:Log (UnityEngine.LogType,object)
UnityEngine.Debug:LogWarning (object)
Microsoft.MixedReality.Toolkit.Editor.SceneInfoUtils:RefreshSceneInfoFieldsInScriptableObjects () (at Library/PackageCache/com.microsoft.mixedreality.toolkit.foundation@42da995b28d5-1641373384214/Core/Inspectors/PropertyDrawers/SceneInfoUtils.cs:313)
Microsoft.MixedReality.Toolkit.Editor.SceneInfoUtils:InitializeOnLoad () (at Library/PackageCache/com.microsoft.mixedreality.toolkit.foundation@42da995b28d5-1641373384214/Core/Inspectors/PropertyDrawers/SceneInfoUtils.cs:231)

(Filename: Library/PackageCache/com.microsoft.mixedreality.toolkit.foundation@42da995b28d5-1641373384214/Core/Inspectors/PropertyDrawers/SceneInfoUtils.cs Line: 313)

[XR] [MROpenXR][Info   ][10:14:06.652536][tid:6a8] MicrosoftOpenXRPlugin_SetPluginEnvironment unityVersion=2020.3.7f1
[XR] [MROpenXR][Info   ][10:14:06.653277][tid:6a8] MicrosoftOpenXRPlugin_SetPluginEnvironment openXRPluginVersion=1.3.1
[XR] [MROpenXR][Info   ][10:14:06.653467][tid:6a8] MicrosoftOpenXRPlugin_SetPluginEnvironment mrOpenXRPluginVersion=1.2.1.0
[XR] [MROpenXR][Info   ][10:14:06.653613][tid:6a8] OnPluginStarted UnityVersion=2020.3.7f1 OpenXRPluginVersion=1.3.1 MROpenXRPluginVersion=1.2.1.0 PartA_PrivTags=33554432
Mono: successfully reloaded assembly
- Completed reload, in  2.968 seconds
Platform modules already initialized, skipping
Switching build target platform(5) subTarget(0) extendedPlatform(0) -> platform(21) subTarget(0) extendedPlatform(0)
Refreshing native plugins compatible for Editor in 2.26 ms, found 15 plugins.
Preloading 0 native plugins for Editor in 0.00 ms.
Unloading 3845 Unused Serialized files (Serialized files now loaded: 0)
System memory in use before: 153.9 MB.
System memory in use after: 153.7 MB.

Unloading 434 unused Assets to reduce memory usage. Loaded Objects now: 4172.
Total: 5.879600 ms (FindLiveObjects: 0.965000 ms CreateObjectMapping: 0.351300 ms MarkObjects: 3.939200 ms  DeleteObjects: 0.621900 ms)

========================================================================
Received Prepare
Registering precompiled user dll's ...
Registered in 0.128567 seconds.
Begin MonoManager ReloadAssembly
Native extension for WindowsStandalone target not found
Native extension for WebGL target not found
Refreshing native plugins compatible for Editor in 1.89 ms, found 15 plugins.
Preloading 0 native plugins for Editor in 0.00 ms.
System.IO.DirectoryNotFoundException: Could not find a part of the path 'C:\Users\acer\Documents\GitHub Projects\Spaghetti Project\Spaghetti-Recipe-Tutorial\Library\PackageCache\com.microsoft.mixedreality.toolkit.examples@5dd0110f4522-1641373384163\Samples~\Demos\EyeTracking\DemoScrollPanZoom\Scripts\BaseClasses'.
  at System.IO.__Error.WinIOError (System.Int32 errorCode, System.String maybeFullPath) [0x000f7] in <695d1cc93cca45069c528c15c9fdd749>:0 
  at System.IO.FileSystemEnumerableIterator`1[TSource].HandleError (System.Int32 hr, System.String path) [0x00006] in <695d1cc93cca45069c528c15c9fdd749>:0 
  at System.IO.FileSystemEnumerableIterator`1[TSource].CommonInit () [0x00054] in <695d1cc93cca45069c528c15c9fdd749>:0 
  at System.IO.FileSystemEnumerableIterator`1[TSource]..ctor (System.String path, System.String originalUserPath, System.String searchPattern, System.IO.SearchOption searchOption, System.IO.SearchResultHandler`1[TSource] resultHandler, System.Boolean checkHost) [0x000d6] in <695d1cc93cca45069c528c15c9fdd749>:0 
  at System.IO.FileSystemEnumerableFactory.CreateFileNameIterator (System.String path, System.String originalUserPath, System.String searchPattern, System.Boolean includeFiles, System.Boolean includeDirs, System.IO.SearchOption searchOption, System.Boolean checkHost) [0x00009] in <695d1cc93cca45069c528c15c9fdd749>:0 
  at System.IO.Directory.InternalGetFileDirectoryNames (System.String path, System.String userPathOriginal, System.String searchPattern, System.Boolean includeFiles, System.Boolean includeDirs, System.IO.SearchOption searchOption, System.Boolean checkHost) [0x00000] in <695d1cc93cca45069c528c15c9fdd749>:0 
  at System.IO.Directory.InternalGetFiles (System.String path, System.String searchPattern, System.IO.SearchOption searchOption) [0x00000] in <695d1cc93cca45069c528c15c9fdd749>:0 
  at System.IO.Directory.GetFiles (System.String path, System.String searchPattern) [0x0001c] in <695d1cc93cca45069c528c15c9fdd749>:0 
  at System.IO.DirectoryInfo.GetFiles (System.String searchPattern) [0x0000e] in <695d1cc93cca45069c528c15c9fdd749>:0 
  at System.IO.DirectoryInfo.GetFilesSubdirs (System.Collections.ArrayList l, System.String pattern) [0x00002] in <695d1cc93cca45069c528c15c9fdd749>:0 
  at (wrapper remoting-invoke-with-check) System.IO.DirectoryInfo.GetFilesSubdirs(System.Collections.ArrayList,string)
  at System.IO.DirectoryInfo.GetFilesSubdirs (System.Collections.ArrayList l, System.String pattern) [0x0002f] in <695d1cc93cca45069c528c15c9fdd749>:0 
  at (wrapper remoting-invoke-with-check) System.IO.DirectoryInfo.GetFilesSubdirs(System.Collections.ArrayList,string)
  at System.IO.DirectoryInfo.GetFilesSubdirs (System.Collections.ArrayList l, System.String pattern) [0x0002f] in <695d1cc93cca45069c528c15c9fdd749>:0 
  at (wrapper remoting-invoke-with-check) System.IO.DirectoryInfo.GetFilesSubdirs(System.Collections.ArrayList,string)
  at System.IO.DirectoryInfo.GetFilesSubdirs (System.Collections.ArrayList l, System.String pattern) [0x0002f] in <695d1cc93cca45069c528c15c9fdd749>:0 
  at (wrapper remoting-invoke-with-check) System.IO.DirectoryInfo.GetFilesSubdirs(System.Collections.ArrayList,string)
  at System.IO.DirectoryInfo.GetFilesSubdirs (System.Collections.ArrayList l, System.String pattern) [0x0002f] in <695d1cc93cca45069c528c15c9fdd749>:0 
  at (wrapper remoting-invoke-with-check) System.IO.DirectoryInfo.GetFilesSubdirs(System.Collections.ArrayList,string)
  at System.IO.DirectoryInfo.GetFilesSubdirs (System.Collections.ArrayList l, System.String pattern) [0x0002f] in <695d1cc93cca45069c528c15c9fdd749>:0 
  at (wrapper remoting-invoke-with-check) System.IO.DirectoryInfo.GetFilesSubdirs(System.Collections.ArrayList,string)
  at System.IO.DirectoryInfo.GetFilesSubdirs (System.Collections.ArrayList l, System.String pattern) [0x0002f] in <695d1cc93cca45069c528c15c9fdd749>:0 
  at (wrapper remoting-invoke-with-check) System.IO.DirectoryInfo.GetFilesSubdirs(System.Collections.ArrayList,string)
  at System.IO.DirectoryInfo.GetFilesSubdirs (System.Collections.ArrayList l, System.String pattern) [0x0002f] in <695d1cc93cca45069c528c15c9fdd749>:0 
  at System.IO.DirectoryInfo.GetFiles (System.String searchPattern, System.IO.SearchOption searchOption) [0x00017] in <695d1cc93cca45069c528c15c9fdd749>:0 
  at (wrapper remoting-invoke-with-check) System.IO.DirectoryInfo.GetFiles(string,System.IO.SearchOption)
  at Microsoft.MixedReality.Toolkit.Utilities.Editor.OnLoadUtilities.FindShaderFolderInPackage () [0x0004c] in C:\Users\acer\Documents\GitHub Projects\Spaghetti Project\Spaghetti-Recipe-Tutorial\Library\PackageCache\com.microsoft.mixedreality.toolkit.standardassets@07b562b040b9-1641373384239\EditorUtilities\OnLoadUtilities.cs:152 
  at Microsoft.MixedReality.Toolkit.Utilities.Editor.OnLoadUtilities.EnsureShaders (System.Boolean bypassIgnore) [0x00000] in C:\Users\acer\Documents\GitHub Projects\Spaghetti Project\Spaghetti-Recipe-Tutorial\Library\PackageCache\com.microsoft.mixedreality.toolkit.standardassets@07b562b040b9-1641373384239\EditorUtilities\OnLoadUtilities.cs:42 
  at Microsoft.MixedReality.Toolkit.Utilities.Editor.OnLoadUtilities..cctor () [0x00000] in C:\Users\acer\Documents\GitHub Projects\Spaghetti Project\Spaghetti-Recipe-Tutorial\Library\PackageCache\com.microsoft.mixedreality.toolkit.standardassets@07b562b040b9-1641373384239\EditorUtilities\OnLoadUtilities.cs:23 
UnityEngine.StackTraceUtility:ExtractStackTrace ()
UnityEngine.DebugLogHandler:LogFormat (UnityEngine.LogType,UnityEngine.Object,string,object[])
UnityEngine.Logger:Log (UnityEngine.LogType,object)
UnityEngine.Debug:LogError (object)
UnityEditor.EditorAssemblies:ProcessInitializeOnLoadAttributes (System.Type[])

Invalid serialized file header. File: "VirtualArtifacts/Primary/69c7e3c117890dc4eaf92659b4fa5348".
UnityEngine.StackTraceUtility:ExtractStackTrace ()
UnityEditor.AssetDatabase:LoadAssetAtPath<UnityEngine.ScriptableObject> (string)
Microsoft.MixedReality.Toolkit.Editor.ScriptableObjectExtensions:GetAllInstances<UnityEngine.ScriptableObject> () (at Library/PackageCache/com.microsoft.mixedreality.toolkit.foundation@42da995b28d5-1641373384214/Core/Extensions/EditorClassExtensions/ScriptableObjectExtensions.cs:65)
Microsoft.MixedReality.Toolkit.Editor.SceneInfoUtils:RefreshSceneInfoFieldsInScriptableObjects () (at Library/PackageCache/com.microsoft.mixedreality.toolkit.foundation@42da995b28d5-1641373384214/Core/Inspectors/PropertyDrawers/SceneInfoUtils.cs:298)
Microsoft.MixedReality.Toolkit.Editor.SceneInfoUtils:InitializeOnLoad () (at Library/PackageCache/com.microsoft.mixedreality.toolkit.foundation@42da995b28d5-1641373384214/Core/Inspectors/PropertyDrawers/SceneInfoUtils.cs:231)

[Library/PackageCache/com.microsoft.mixedreality.toolkit.foundation@42da995b28d5-1641373384214/Core/Extensions/EditorClassExtensions/ScriptableObjectExtensions.cs line 65]

Invalid serialized file header. File: "VirtualArtifacts/Primary/69c7e3c117890dc4eaf92659b4fa5348".
UnityEngine.StackTraceUtility:ExtractStackTrace ()
UnityEditor.AssetDatabase:LoadAssetAtPath<UnityEngine.ScriptableObject> (string)
Microsoft.MixedReality.Toolkit.Editor.ScriptableObjectExtensions:GetAllInstances<UnityEngine.ScriptableObject> () (at Library/PackageCache/com.microsoft.mixedreality.toolkit.foundation@42da995b28d5-1641373384214/Core/Extensions/EditorClassExtensions/ScriptableObjectExtensions.cs:65)
Microsoft.MixedReality.Toolkit.Editor.SceneInfoUtils:RefreshSceneInfoFieldsInScriptableObjects () (at Library/PackageCache/com.microsoft.mixedreality.toolkit.foundation@42da995b28d5-1641373384214/Core/Inspectors/PropertyDrawers/SceneInfoUtils.cs:298)
Microsoft.MixedReality.Toolkit.Editor.SceneInfoUtils:InitializeOnLoad () (at Library/PackageCache/com.microsoft.mixedreality.toolkit.foundation@42da995b28d5-1641373384214/Core/Inspectors/PropertyDrawers/SceneInfoUtils.cs:231)

[Library/PackageCache/com.microsoft.mixedreality.toolkit.foundation@42da995b28d5-1641373384214/Core/Extensions/EditorClassExtensions/ScriptableObjectExtensions.cs line 65]

Invalid serialized file header. File: "VirtualArtifacts/Primary/69c7e3c117890dc4eaf92659b4fa5348".
UnityEngine.StackTraceUtility:ExtractStackTrace ()
UnityEditor.AssetDatabase:LoadAssetAtPath<UnityEngine.ScriptableObject> (string)
Microsoft.MixedReality.Toolkit.Editor.ScriptableObjectExtensions:GetAllInstances<UnityEngine.ScriptableObject> () (at Library/PackageCache/com.microsoft.mixedreality.toolkit.foundation@42da995b28d5-1641373384214/Core/Extensions/EditorClassExtensions/ScriptableObjectExtensions.cs:65)
Microsoft.MixedReality.Toolkit.Editor.SceneInfoUtils:RefreshSceneInfoFieldsInScriptableObjects () (at Library/PackageCache/com.microsoft.mixedreality.toolkit.foundation@42da995b28d5-1641373384214/Core/Inspectors/PropertyDrawers/SceneInfoUtils.cs:298)
Microsoft.MixedReality.Toolkit.Editor.SceneInfoUtils:InitializeOnLoad () (at Library/PackageCache/com.microsoft.mixedreality.toolkit.foundation@42da995b28d5-1641373384214/Core/Inspectors/PropertyDrawers/SceneInfoUtils.cs:231)

[Library/PackageCache/com.microsoft.mixedreality.toolkit.foundation@42da995b28d5-1641373384214/Core/Extensions/EditorClassExtensions/ScriptableObjectExtensions.cs line 65]

Invalid serialized file header. File: "VirtualArtifacts/Primary/69c7e3c117890dc4eaf92659b4fa5348".
UnityEngine.StackTraceUtility:ExtractStackTrace ()
UnityEditor.AssetDatabase:LoadAssetAtPath<UnityEngine.ScriptableObject> (string)
Microsoft.MixedReality.Toolkit.Editor.ScriptableObjectExtensions:GetAllInstances<UnityEngine.ScriptableObject> () (at Library/PackageCache/com.microsoft.mixedreality.toolkit.foundation@42da995b28d5-1641373384214/Core/Extensions/EditorClassExtensions/ScriptableObjectExtensions.cs:65)
Microsoft.MixedReality.Toolkit.Editor.SceneInfoUtils:RefreshSceneInfoFieldsInScriptableObjects () (at Library/PackageCache/com.microsoft.mixedreality.toolkit.foundation@42da995b28d5-1641373384214/Core/Inspectors/PropertyDrawers/SceneInfoUtils.cs:298)
Microsoft.MixedReality.Toolkit.Editor.SceneInfoUtils:InitializeOnLoad () (at Library/PackageCache/com.microsoft.mixedreality.toolkit.foundation@42da995b28d5-1641373384214/Core/Inspectors/PropertyDrawers/SceneInfoUtils.cs:231)

[Library/PackageCache/com.microsoft.mixedreality.toolkit.foundation@42da995b28d5-1641373384214/Core/Extensions/EditorClassExtensions/ScriptableObjectExtensions.cs line 65]

Invalid serialized file header. File: "VirtualArtifacts/Primary/69c7e3c117890dc4eaf92659b4fa5348".
UnityEngine.StackTraceUtility:ExtractStackTrace ()
UnityEditor.AssetDatabase:LoadAssetAtPath<UnityEngine.ScriptableObject> (string)
Microsoft.MixedReality.Toolkit.Editor.ScriptableObjectExtensions:GetAllInstances<UnityEngine.ScriptableObject> () (at Library/PackageCache/com.microsoft.mixedreality.toolkit.foundation@42da995b28d5-1641373384214/Core/Extensions/EditorClassExtensions/ScriptableObjectExtensions.cs:65)
Microsoft.MixedReality.Toolkit.Editor.SceneInfoUtils:RefreshSceneInfoFieldsInScriptableObjects () (at Library/PackageCache/com.microsoft.mixedreality.toolkit.foundation@42da995b28d5-1641373384214/Core/Inspectors/PropertyDrawers/SceneInfoUtils.cs:298)
Microsoft.MixedReality.Toolkit.Editor.SceneInfoUtils:InitializeOnLoad () (at Library/PackageCache/com.microsoft.mixedreality.toolkit.foundation@42da995b28d5-1641373384214/Core/Inspectors/PropertyDrawers/SceneInfoUtils.cs:231)

[Library/PackageCache/com.microsoft.mixedreality.toolkit.foundation@42da995b28d5-1641373384214/Core/Extensions/EditorClassExtensions/ScriptableObjectExtensions.cs line 65]

Invalid serialized file header. File: "VirtualArtifacts/Primary/69c7e3c117890dc4eaf92659b4fa5348".
UnityEngine.StackTraceUtility:ExtractStackTrace ()
UnityEditor.AssetDatabase:LoadAssetAtPath<UnityEngine.ScriptableObject> (string)
Microsoft.MixedReality.Toolkit.Editor.ScriptableObjectExtensions:GetAllInstances<UnityEngine.ScriptableObject> () (at Library/PackageCache/com.microsoft.mixedreality.toolkit.foundation@42da995b28d5-1641373384214/Core/Extensions/EditorClassExtensions/ScriptableObjectExtensions.cs:65)
Microsoft.MixedReality.Toolkit.Editor.SceneInfoUtils:RefreshSceneInfoFieldsInScriptableObjects () (at Library/PackageCache/com.microsoft.mixedreality.toolkit.foundation@42da995b28d5-1641373384214/Core/Inspectors/PropertyDrawers/SceneInfoUtils.cs:298)
Microsoft.MixedReality.Toolkit.Editor.SceneInfoUtils:InitializeOnLoad () (at Library/PackageCache/com.microsoft.mixedreality.toolkit.foundation@42da995b28d5-1641373384214/Core/Inspectors/PropertyDrawers/SceneInfoUtils.cs:231)

[Library/PackageCache/com.microsoft.mixedreality.toolkit.foundation@42da995b28d5-1641373384214/Core/Extensions/EditorClassExtensions/ScriptableObjectExtensions.cs line 65]

Invalid serialized file header. File: "VirtualArtifacts/Primary/fea29429b97dbb14b97820f56c74060a".
UnityEngine.StackTraceUtility:ExtractStackTrace ()
UnityEditor.AssetDatabase:LoadAssetAtPath<UnityEngine.ScriptableObject> (string)
Microsoft.MixedReality.Toolkit.Editor.ScriptableObjectExtensions:GetAllInstances<UnityEngine.ScriptableObject> () (at Library/PackageCache/com.microsoft.mixedreality.toolkit.foundation@42da995b28d5-1641373384214/Core/Extensions/EditorClassExtensions/ScriptableObjectExtensions.cs:65)
Microsoft.MixedReality.Toolkit.Editor.SceneInfoUtils:RefreshSceneInfoFieldsInScriptableObjects () (at Library/PackageCache/com.microsoft.mixedreality.toolkit.foundation@42da995b28d5-1641373384214/Core/Inspectors/PropertyDrawers/SceneInfoUtils.cs:298)
Microsoft.MixedReality.Toolkit.Editor.SceneInfoUtils:InitializeOnLoad () (at Library/PackageCache/com.microsoft.mixedreality.toolkit.foundation@42da995b28d5-1641373384214/Core/Inspectors/PropertyDrawers/SceneInfoUtils.cs:231)

[Library/PackageCache/com.microsoft.mixedreality.toolkit.foundation@42da995b28d5-1641373384214/Core/Extensions/EditorClassExtensions/ScriptableObjectExtensions.cs line 65]

Invalid serialized file header. File: "VirtualArtifacts/Primary/fea29429b97dbb14b97820f56c74060a".
UnityEngine.StackTraceUtility:ExtractStackTrace ()
UnityEditor.AssetDatabase:LoadAssetAtPath<UnityEngine.ScriptableObject> (string)
Microsoft.MixedReality.Toolkit.Editor.ScriptableObjectExtensions:GetAllInstances<UnityEngine.ScriptableObject> () (at Library/PackageCache/com.microsoft.mixedreality.toolkit.foundation@42da995b28d5-1641373384214/Core/Extensions/EditorClassExtensions/ScriptableObjectExtensions.cs:65)
Microsoft.MixedReality.Toolkit.Editor.SceneInfoUtils:RefreshSceneInfoFieldsInScriptableObjects () (at Library/PackageCache/com.microsoft.mixedreality.toolkit.foundation@42da995b28d5-1641373384214/Core/Inspectors/PropertyDrawers/SceneInfoUtils.cs:298)
Microsoft.MixedReality.Toolkit.Editor.SceneInfoUtils:InitializeOnLoad () (at Library/PackageCache/com.microsoft.mixedreality.toolkit.foundation@42da995b28d5-1641373384214/Core/Inspectors/PropertyDrawers/SceneInfoUtils.cs:231)

[Library/PackageCache/com.microsoft.mixedreality.toolkit.foundation@42da995b28d5-1641373384214/Core/Extensions/EditorClassExtensions/ScriptableObjectExtensions.cs line 65]

Invalid serialized file header. File: "VirtualArtifacts/Primary/fea29429b97dbb14b97820f56c74060a".
UnityEngine.StackTraceUtility:ExtractStackTrace ()
UnityEditor.AssetDatabase:LoadAssetAtPath<UnityEngine.ScriptableObject> (string)
Microsoft.MixedReality.Toolkit.Editor.ScriptableObjectExtensions:GetAllInstances<UnityEngine.ScriptableObject> () (at Library/PackageCache/com.microsoft.mixedreality.toolkit.foundation@42da995b28d5-1641373384214/Core/Extensions/EditorClassExtensions/ScriptableObjectExtensions.cs:65)
Microsoft.MixedReality.Toolkit.Editor.SceneInfoUtils:RefreshSceneInfoFieldsInScriptableObjects () (at Library/PackageCache/com.microsoft.mixedreality.toolkit.foundation@42da995b28d5-1641373384214/Core/Inspectors/PropertyDrawers/SceneInfoUtils.cs:298)
Microsoft.MixedReality.Toolkit.Editor.SceneInfoUtils:InitializeOnLoad () (at Library/PackageCache/com.microsoft.mixedreality.toolkit.foundation@42da995b28d5-1641373384214/Core/Inspectors/PropertyDrawers/SceneInfoUtils.cs:231)

[Library/PackageCache/com.microsoft.mixedreality.toolkit.foundation@42da995b28d5-1641373384214/Core/Extensions/EditorClassExtensions/ScriptableObjectExtensions.cs line 65]

Invalid serialized file header. File: "VirtualArtifacts/Primary/fea29429b97dbb14b97820f56c74060a".
UnityEngine.StackTraceUtility:ExtractStackTrace ()
UnityEditor.AssetDatabase:LoadAssetAtPath<UnityEngine.ScriptableObject> (string)
Microsoft.MixedReality.Toolkit.Editor.ScriptableObjectExtensions:GetAllInstances<UnityEngine.ScriptableObject> () (at Library/PackageCache/com.microsoft.mixedreality.toolkit.foundation@42da995b28d5-1641373384214/Core/Extensions/EditorClassExtensions/ScriptableObjectExtensions.cs:65)
Microsoft.MixedReality.Toolkit.Editor.SceneInfoUtils:RefreshSceneInfoFieldsInScriptableObjects () (at Library/PackageCache/com.microsoft.mixedreality.toolkit.foundation@42da995b28d5-1641373384214/Core/Inspectors/PropertyDrawers/SceneInfoUtils.cs:298)
Microsoft.MixedReality.Toolkit.Editor.SceneInfoUtils:InitializeOnLoad () (at Library/PackageCache/com.microsoft.mixedreality.toolkit.foundation@42da995b28d5-1641373384214/Core/Inspectors/PropertyDrawers/SceneInfoUtils.cs:231)

[Library/PackageCache/com.microsoft.mixedreality.toolkit.foundation@42da995b28d5-1641373384214/Core/Extensions/EditorClassExtensions/ScriptableObjectExtensions.cs line 65]

Invalid serialized file header. File: "VirtualArtifacts/Primary/fea29429b97dbb14b97820f56c74060a".
UnityEngine.StackTraceUtility:ExtractStackTrace ()
UnityEditor.AssetDatabase:LoadAssetAtPath<UnityEngine.ScriptableObject> (string)
Microsoft.MixedReality.Toolkit.Editor.ScriptableObjectExtensions:GetAllInstances<UnityEngine.ScriptableObject> () (at Library/PackageCache/com.microsoft.mixedreality.toolkit.foundation@42da995b28d5-1641373384214/Core/Extensions/EditorClassExtensions/ScriptableObjectExtensions.cs:65)
Microsoft.MixedReality.Toolkit.Editor.SceneInfoUtils:RefreshSceneInfoFieldsInScriptableObjects () (at Library/PackageCache/com.microsoft.mixedreality.toolkit.foundation@42da995b28d5-1641373384214/Core/Inspectors/PropertyDrawers/SceneInfoUtils.cs:298)
Microsoft.MixedReality.Toolkit.Editor.SceneInfoUtils:InitializeOnLoad () (at Library/PackageCache/com.microsoft.mixedreality.toolkit.foundation@42da995b28d5-1641373384214/Core/Inspectors/PropertyDrawers/SceneInfoUtils.cs:231)

[Library/PackageCache/com.microsoft.mixedreality.toolkit.foundation@42da995b28d5-1641373384214/Core/Extensions/EditorClassExtensions/ScriptableObjectExtensions.cs line 65]

Invalid serialized file header. File: "VirtualArtifacts/Primary/fea29429b97dbb14b97820f56c74060a".
UnityEngine.StackTraceUtility:ExtractStackTrace ()
UnityEditor.AssetDatabase:LoadAssetAtPath<UnityEngine.ScriptableObject> (string)
Microsoft.MixedReality.Toolkit.Editor.ScriptableObjectExtensions:GetAllInstances<UnityEngine.ScriptableObject> () (at Library/PackageCache/com.microsoft.mixedreality.toolkit.foundation@42da995b28d5-1641373384214/Core/Extensions/EditorClassExtensions/ScriptableObjectExtensions.cs:65)
Microsoft.MixedReality.Toolkit.Editor.SceneInfoUtils:RefreshSceneInfoFieldsInScriptableObjects () (at Library/PackageCache/com.microsoft.mixedreality.toolkit.foundation@42da995b28d5-1641373384214/Core/Inspectors/PropertyDrawers/SceneInfoUtils.cs:298)
Microsoft.MixedReality.Toolkit.Editor.SceneInfoUtils:InitializeOnLoad () (at Library/PackageCache/com.microsoft.mixedreality.toolkit.foundation@42da995b28d5-1641373384214/Core/Inspectors/PropertyDrawers/SceneInfoUtils.cs:231)

[Library/PackageCache/com.microsoft.mixedreality.toolkit.foundation@42da995b28d5-1641373384214/Core/Extensions/EditorClassExtensions/ScriptableObjectExtensions.cs line 65]

Invalid serialized file header. File: "VirtualArtifacts/Primary/f0bb9fb635c69be4e8526b0fb6b48f39".
UnityEngine.StackTraceUtility:ExtractStackTrace ()
UnityEditor.AssetDatabase:LoadAssetAtPath<UnityEngine.ScriptableObject> (string)
Microsoft.MixedReality.Toolkit.Editor.ScriptableObjectExtensions:GetAllInstances<UnityEngine.ScriptableObject> () (at Library/PackageCache/com.microsoft.mixedreality.toolkit.foundation@42da995b28d5-1641373384214/Core/Extensions/EditorClassExtensions/ScriptableObjectExtensions.cs:65)
Microsoft.MixedReality.Toolkit.Editor.SceneInfoUtils:RefreshSceneInfoFieldsInScriptableObjects () (at Library/PackageCache/com.microsoft.mixedreality.toolkit.foundation@42da995b28d5-1641373384214/Core/Inspectors/PropertyDrawers/SceneInfoUtils.cs:298)
Microsoft.MixedReality.Toolkit.Editor.SceneInfoUtils:InitializeOnLoad () (at Library/PackageCache/com.microsoft.mixedreality.toolkit.foundation@42da995b28d5-1641373384214/Core/Inspectors/PropertyDrawers/SceneInfoUtils.cs:231)

[Library/PackageCache/com.microsoft.mixedreality.toolkit.foundation@42da995b28d5-1641373384214/Core/Extensions/EditorClassExtensions/ScriptableObjectExtensions.cs line 65]

Invalid serialized file header. File: "VirtualArtifacts/Primary/f0bb9fb635c69be4e8526b0fb6b48f39".
UnityEngine.StackTraceUtility:ExtractStackTrace ()
UnityEditor.AssetDatabase:LoadAssetAtPath<UnityEngine.ScriptableObject> (string)
Microsoft.MixedReality.Toolkit.Editor.ScriptableObjectExtensions:GetAllInstances<UnityEngine.ScriptableObject> () (at Library/PackageCache/com.microsoft.mixedreality.toolkit.foundation@42da995b28d5-1641373384214/Core/Extensions/EditorClassExtensions/ScriptableObjectExtensions.cs:65)
Microsoft.MixedReality.Toolkit.Editor.SceneInfoUtils:RefreshSceneInfoFieldsInScriptableObjects () (at Library/PackageCache/com.microsoft.mixedreality.toolkit.foundation@42da995b28d5-1641373384214/Core/Inspectors/PropertyDrawers/SceneInfoUtils.cs:298)
Microsoft.MixedReality.Toolkit.Editor.SceneInfoUtils:InitializeOnLoad () (at Library/PackageCache/com.microsoft.mixedreality.toolkit.foundation@42da995b28d5-1641373384214/Core/Inspectors/PropertyDrawers/SceneInfoUtils.cs:231)

[Library/PackageCache/com.microsoft.mixedreality.toolkit.foundation@42da995b28d5-1641373384214/Core/Extensions/EditorClassExtensions/ScriptableObjectExtensions.cs line 65]

Invalid serialized file header. File: "VirtualArtifacts/Primary/f0bb9fb635c69be4e8526b0fb6b48f39".
UnityEngine.StackTraceUtility:ExtractStackTrace ()
UnityEditor.AssetDatabase:LoadAssetAtPath<UnityEngine.ScriptableObject> (string)
Microsoft.MixedReality.Toolkit.Editor.ScriptableObjectExtensions:GetAllInstances<UnityEngine.ScriptableObject> () (at Library/PackageCache/com.microsoft.mixedreality.toolkit.foundation@42da995b28d5-1641373384214/Core/Extensions/EditorClassExtensions/ScriptableObjectExtensions.cs:65)
Microsoft.MixedReality.Toolkit.Editor.SceneInfoUtils:RefreshSceneInfoFieldsInScriptableObjects () (at Library/PackageCache/com.microsoft.mixedreality.toolkit.foundation@42da995b28d5-1641373384214/Core/Inspectors/PropertyDrawers/SceneInfoUtils.cs:298)
Microsoft.MixedReality.Toolkit.Editor.SceneInfoUtils:InitializeOnLoad () (at Library/PackageCache/com.microsoft.mixedreality.toolkit.foundation@42da995b28d5-1641373384214/Core/Inspectors/PropertyDrawers/SceneInfoUtils.cs:231)

[Library/PackageCache/com.microsoft.mixedreality.toolkit.foundation@42da995b28d5-1641373384214/Core/Extensions/EditorClassExtensions/ScriptableObjectExtensions.cs line 65]

Invalid serialized file header. File: "VirtualArtifacts/Primary/f0bb9fb635c69be4e8526b0fb6b48f39".
UnityEngine.StackTraceUtility:ExtractStackTrace ()
UnityEditor.AssetDatabase:LoadAssetAtPath<UnityEngine.ScriptableObject> (string)
Microsoft.MixedReality.Toolkit.Editor.ScriptableObjectExtensions:GetAllInstances<UnityEngine.ScriptableObject> () (at Library/PackageCache/com.microsoft.mixedreality.toolkit.foundation@42da995b28d5-1641373384214/Core/Extensions/EditorClassExtensions/ScriptableObjectExtensions.cs:65)
Microsoft.MixedReality.Toolkit.Editor.SceneInfoUtils:RefreshSceneInfoFieldsInScriptableObjects () (at Library/PackageCache/com.microsoft.mixedreality.toolkit.foundation@42da995b28d5-1641373384214/Core/Inspectors/PropertyDrawers/SceneInfoUtils.cs:298)
Microsoft.MixedReality.Toolkit.Editor.SceneInfoUtils:InitializeOnLoad () (at Library/PackageCache/com.microsoft.mixedreality.toolkit.foundation@42da995b28d5-1641373384214/Core/Inspectors/PropertyDrawers/SceneInfoUtils.cs:231)

[Library/PackageCache/com.microsoft.mixedreality.toolkit.foundation@42da995b28d5-1641373384214/Core/Extensions/EditorClassExtensions/ScriptableObjectExtensions.cs line 65]

Invalid serialized file header. File: "VirtualArtifacts/Primary/f0bb9fb635c69be4e8526b0fb6b48f39".
UnityEngine.StackTraceUtility:ExtractStackTrace ()
UnityEditor.AssetDatabase:LoadAssetAtPath<UnityEngine.ScriptableObject> (string)
Microsoft.MixedReality.Toolkit.Editor.ScriptableObjectExtensions:GetAllInstances<UnityEngine.ScriptableObject> () (at Library/PackageCache/com.microsoft.mixedreality.toolkit.foundation@42da995b28d5-1641373384214/Core/Extensions/EditorClassExtensions/ScriptableObjectExtensions.cs:65)
Microsoft.MixedReality.Toolkit.Editor.SceneInfoUtils:RefreshSceneInfoFieldsInScriptableObjects () (at Library/PackageCache/com.microsoft.mixedreality.toolkit.foundation@42da995b28d5-1641373384214/Core/Inspectors/PropertyDrawers/SceneInfoUtils.cs:298)
Microsoft.MixedReality.Toolkit.Editor.SceneInfoUtils:InitializeOnLoad () (at Library/PackageCache/com.microsoft.mixedreality.toolkit.foundation@42da995b28d5-1641373384214/Core/Inspectors/PropertyDrawers/SceneInfoUtils.cs:231)

[Library/PackageCache/com.microsoft.mixedreality.toolkit.foundation@42da995b28d5-1641373384214/Core/Extensions/EditorClassExtensions/ScriptableObjectExtensions.cs line 65]

Invalid serialized file header. File: "VirtualArtifacts/Primary/f0bb9fb635c69be4e8526b0fb6b48f39".
UnityEngine.StackTraceUtility:ExtractStackTrace ()
UnityEditor.AssetDatabase:LoadAssetAtPath<UnityEngine.ScriptableObject> (string)
Microsoft.MixedReality.Toolkit.Editor.ScriptableObjectExtensions:GetAllInstances<UnityEngine.ScriptableObject> () (at Library/PackageCache/com.microsoft.mixedreality.toolkit.foundation@42da995b28d5-1641373384214/Core/Extensions/EditorClassExtensions/ScriptableObjectExtensions.cs:65)
Microsoft.MixedReality.Toolkit.Editor.SceneInfoUtils:RefreshSceneInfoFieldsInScriptableObjects () (at Library/PackageCache/com.microsoft.mixedreality.toolkit.foundation@42da995b28d5-1641373384214/Core/Inspectors/PropertyDrawers/SceneInfoUtils.cs:298)
Microsoft.MixedReality.Toolkit.Editor.SceneInfoUtils:InitializeOnLoad () (at Library/PackageCache/com.microsoft.mixedreality.toolkit.foundation@42da995b28d5-1641373384214/Core/Inspectors/PropertyDrawers/SceneInfoUtils.cs:231)

[Library/PackageCache/com.microsoft.mixedreality.toolkit.foundation@42da995b28d5-1641373384214/Core/Extensions/EditorClassExtensions/ScriptableObjectExtensions.cs line 65]

Invalid serialized file header. File: "VirtualArtifacts/Primary/f0bb9fb635c69be4e8526b0fb6b48f39".
UnityEngine.StackTraceUtility:ExtractStackTrace ()
UnityEditor.AssetDatabase:LoadAssetAtPath<UnityEngine.ScriptableObject> (string)
Microsoft.MixedReality.Toolkit.Editor.ScriptableObjectExtensions:GetAllInstances<UnityEngine.ScriptableObject> () (at Library/PackageCache/com.microsoft.mixedreality.toolkit.foundation@42da995b28d5-1641373384214/Core/Extensions/EditorClassExtensions/ScriptableObjectExtensions.cs:65)
Microsoft.MixedReality.Toolkit.Editor.SceneInfoUtils:RefreshSceneInfoFieldsInScriptableObjects () (at Library/PackageCache/com.microsoft.mixedreality.toolkit.foundation@42da995b28d5-1641373384214/Core/Inspectors/PropertyDrawers/SceneInfoUtils.cs:298)
Microsoft.MixedReality.Toolkit.Editor.SceneInfoUtils:InitializeOnLoad () (at Library/PackageCache/com.microsoft.mixedreality.toolkit.foundation@42da995b28d5-1641373384214/Core/Inspectors/PropertyDrawers/SceneInfoUtils.cs:231)

[Library/PackageCache/com.microsoft.mixedreality.toolkit.foundation@42da995b28d5-1641373384214/Core/Extensions/EditorClassExtensions/ScriptableObjectExtensions.cs line 65]

Error when attempting to update scene info fields. Scene info data may be stale.
UnityEngine.StackTraceUtility:ExtractStackTrace ()
UnityEngine.DebugLogHandler:LogFormat (UnityEngine.LogType,UnityEngine.Object,string,object[])
UnityEngine.Logger:Log (UnityEngine.LogType,object)
UnityEngine.Debug:LogWarning (object)
Microsoft.MixedReality.Toolkit.Editor.SceneInfoUtils:RefreshSceneInfoFieldsInScriptableObjects () (at Library/PackageCache/com.microsoft.mixedreality.toolkit.foundation@42da995b28d5-1641373384214/Core/Inspectors/PropertyDrawers/SceneInfoUtils.cs:313)
Microsoft.MixedReality.Toolkit.Editor.SceneInfoUtils:InitializeOnLoad () (at Library/PackageCache/com.microsoft.mixedreality.toolkit.foundation@42da995b28d5-1641373384214/Core/Inspectors/PropertyDrawers/SceneInfoUtils.cs:231)

(Filename: Library/PackageCache/com.microsoft.mixedreality.toolkit.foundation@42da995b28d5-1641373384214/Core/Inspectors/PropertyDrawers/SceneInfoUtils.cs Line: 313)

[XR] [MROpenXR][Info   ][11:12:53.168256][tid:6a8] MicrosoftOpenXRPlugin_SetPluginEnvironment unityVersion=2020.3.7f1
[XR] [MROpenXR][Info   ][11:12:53.168827][tid:6a8] MicrosoftOpenXRPlugin_SetPluginEnvironment openXRPluginVersion=1.3.1
[XR] [MROpenXR][Info   ][11:12:53.168912][tid:6a8] MicrosoftOpenXRPlugin_SetPluginEnvironment mrOpenXRPluginVersion=1.2.1.0
Mono: successfully reloaded assembly
- Completed reload, in  2.875 seconds
Platform modules already initialized, skipping
Switching build target platform(5) subTarget(0) extendedPlatform(0) -> platform(21) subTarget(0) extendedPlatform(0)
Refreshing native plugins compatible for Editor in 2.56 ms, found 15 plugins.
Preloading 0 native plugins for Editor in 0.00 ms.
Unloading 3845 Unused Serialized files (Serialized files now loaded: 0)
System memory in use before: 154.1 MB.
System memory in use after: 153.9 MB.

Unloading 434 unused Assets to reduce memory usage. Loaded Objects now: 4179.
Total: 5.637300 ms (FindLiveObjects: 0.838200 ms CreateObjectMapping: 0.551600 ms MarkObjects: 3.861000 ms  DeleteObjects: 0.381600 ms)

